[0.051s] Invoking command in '/home/collin/ros2_ws/src/vectornav/build/vectornav_msgs': CMAKE_PREFIX_PATH=${CMAKE_PREFIX_PATH}:/home/collin/nav2_ws/install/opencv_tests:/home/collin/nav2_ws/install/nav2_simple_commander:/home/collin/nav2_ws/install/nav2_gazebo_spawner:/home/collin/ros2_galactic/install/rqt_bag_plugins:/home/collin/ros2_galactic/install/rqt_bag:/home/collin/ros2_galactic/install/ros2bag:/home/collin/ros2_galactic/install/tracetools_launch:/home/collin/ros2_galactic/install/topic_monitor:/home/collin/ros2_galactic/install/tf2_tools:/home/collin/ros2_galactic/install/examples_tf2_py:/home/collin/ros2_galactic/install/tf2_ros_py:/home/collin/ros2_galactic/install/sros2:/home/collin/ros2_galactic/install/rqt_topic:/home/collin/ros2_galactic/install/rqt_top:/home/collin/ros2_galactic/install/rqt_srv:/home/collin/ros2_galactic/install/rqt_shell:/home/collin/ros2_galactic/install/rqt_service_caller:/home/collin/ros2_galactic/install/rqt_reconfigure:/home/collin/ros2_galactic/install/rqt_py_console:/home/collin/ros2_galactic/install/rqt_publisher:/home/collin/ros2_galactic/install/rqt_plot:/home/collin/ros2_galactic/install/rqt_action:/home/collin/ros2_galactic/install/rqt_msg:/home/collin/ros2_galactic/install/rqt_console:/home/collin/ros2_galactic/install/rqt:/home/collin/ros2_galactic/install/rqt_graph:/home/collin/ros2_galactic/install/rqt_gui_py:/home/collin/ros2_galactic/install/rqt_gui:/home/collin/ros2_galactic/install/ros2trace:/home/collin/ros2_galactic/install/ros2topic:/home/collin/ros2_galactic/install/ros2test:/home/collin/ros2_galactic/install/ros2component:/home/collin/ros2_galactic/install/ros2param:/home/collin/ros2_galactic/install/ros2lifecycle:/home/collin/ros2_galactic/install/ros2service:/home/collin/ros2_galactic/install/ros2run:/home/collin/ros2_galactic/install/ros2launch:/home/collin/ros2_galactic/install/ros2pkg:/home/collin/ros2_galactic/install/ros2node:/home/collin/ros2_galactic/install/ros2multicast:/home/collin/ros2_galactic/install/ros2interface:/home/collin/ros2_galactic/install/ros2doctor:/home/collin/ros2_galactic/install/ros2action:/home/collin/ros2_galactic/install/ros2cli:/home/collin/ros2_galactic/install/quality_of_service_demo_py:/home/collin/ros2_galactic/install/launch_testing_ros:/home/collin/ros2_galactic/install/launch_ros:/home/collin/ros2_galactic/install/examples_rclpy_pointcloud_publisher:/home/collin/ros2_galactic/install/examples_rclpy_minimal_subscriber:/home/collin/ros2_galactic/install/examples_rclpy_minimal_service:/home/collin/ros2_galactic/install/examples_rclpy_minimal_publisher:/home/collin/ros2_galactic/install/examples_rclpy_minimal_client:/home/collin/ros2_galactic/install/examples_rclpy_minimal_action_server:/home/collin/ros2_galactic/install/examples_rclpy_minimal_action_client:/home/collin/ros2_galactic/install/examples_rclpy_guard_conditions:/home/collin/ros2_galactic/install/examples_rclpy_executors:/home/collin/ros2_galactic/install/demo_nodes_py:/home/collin/ros2_galactic/install/action_tutorials_py:/home/collin/ros2_galactic/install/ament_uncrustify:/home/collin/ros2_galactic/install/tracetools_trace:/home/collin/ros2_galactic/install/tracetools_read:/home/collin/ros2_galactic/install/test_launch_ros:/home/collin/ros2_galactic/install/sensor_msgs_py:/home/collin/ros2_galactic/install/rpyutils:/home/collin/ros2_galactic/install/rosidl_runtime_py:/home/collin/ros2_galactic/install/rosidl_cli:/home/collin/ros2_galactic/install/launch_yaml:/home/collin/ros2_galactic/install/launch_xml:/home/collin/ros2_galactic/install/launch_testing:/home/collin/ros2_galactic/install/launch:/home/collin/ros2_galactic/install/osrf_pycommon:/home/collin/ros2_galactic/install/domain_coordinator:/home/collin/ros2_galactic/install/ament_xmllint:/home/collin/ros2_galactic/install/ament_pyflakes:/home/collin/ros2_galactic/install/ament_pycodestyle:/home/collin/ros2_galactic/install/ament_pep257:/home/collin/ros2_galactic/install/ament_pclint:/home/collin/ros2_galactic/install/ament_package:/home/collin/ros2_galactic/install/ament_mypy:/home/collin/ros2_galactic/install/ament_lint_cmake:/home/collin/ros2_galactic/install/ament_flake8:/home/collin/ros2_galactic/install/ament_copyright:/home/collin/ros2_galactic/install/ament_lint:/home/collin/ros2_galactic/install/ament_index_python:/home/collin/ros2_galactic/install/ament_cpplint:/home/collin/ros2_galactic/install/ament_cppcheck:/home/collin/ros2_galactic/install/ament_clang_tidy:/home/collin/ros2_galactic/install/ament_clang_format /usr/bin/cmake /home/collin/ros2_ws/src/vectornav/vectornav_msgs -DCMAKE_INSTALL_PREFIX=/home/collin/ros2_ws/src/vectornav/install/vectornav_msgs
[0.188s] -- The C compiler identification is GNU 9.3.0
[0.322s] -- The CXX compiler identification is GNU 9.3.0
[0.344s] -- Check for working C compiler: /usr/bin/cc
[0.505s] -- Check for working C compiler: /usr/bin/cc -- works
[0.506s] -- Detecting C compiler ABI info
[0.666s] -- Detecting C compiler ABI info - done
[0.680s] -- Detecting C compile features
[0.680s] -- Detecting C compile features - done
[0.682s] -- Check for working CXX compiler: /usr/bin/c++
[0.851s] -- Check for working CXX compiler: /usr/bin/c++ -- works
[0.852s] -- Detecting CXX compiler ABI info
[1.027s] -- Detecting CXX compiler ABI info - done
[1.044s] -- Detecting CXX compile features
[1.044s] -- Detecting CXX compile features - done
[1.064s] -- Found ament_cmake_auto: 1.1.4 (/home/collin/ros2_galactic/install/ament_cmake_auto/share/ament_cmake_auto/cmake)
[1.194s] -- Found PythonInterp: /usr/bin/python3 (found suitable version "3.8.10", minimum required is "3") 
[1.194s] -- Using PYTHON_EXECUTABLE: /usr/bin/python3
[1.949s] -- Using all available rosidl_typesupport_c: rosidl_typesupport_introspection_c;rosidl_typesupport_fastrtps_c
[1.987s] -- Found rosidl_adapter: 2.2.1 (/home/collin/ros2_galactic/install/rosidl_adapter/share/rosidl_adapter/cmake)
[2.360s] -- Found OpenSSL: /usr/lib/x86_64-linux-gnu/libcrypto.so (found version "1.1.1f")  
[2.437s] -- Found FastRTPS: /home/collin/ros2_galactic/install/fastrtps/include  
[2.656s] -- Using all available rosidl_typesupport_cpp: rosidl_typesupport_introspection_cpp;rosidl_typesupport_fastrtps_cpp
[2.979s] -- Found PythonInterp: /usr/bin/python3 (found version "3.8.10") 
[3.399s] -- Found ament_cmake_cppcheck: 0.10.6 (/home/collin/ros2_galactic/install/ament_cmake_cppcheck/share/ament_cmake_cppcheck/cmake)
[3.419s] -- Found ament_cmake_cpplint: 0.10.6 (/home/collin/ros2_galactic/install/ament_cmake_cpplint/share/ament_cmake_cpplint/cmake)
[3.431s] -- Found ament_cmake_uncrustify: 0.10.6 (/home/collin/ros2_galactic/install/ament_cmake_uncrustify/share/ament_cmake_uncrustify/cmake)
[3.582s] -- Found ament_cmake_ros: 0.9.2 (/home/collin/ros2_galactic/install/ament_cmake_ros/share/ament_cmake_ros/cmake)
[4.399s] -- Using all available rosidl_typesupport_c: rosidl_typesupport_introspection_c;rosidl_typesupport_fastrtps_c
[4.829s] -- Using all available rosidl_typesupport_cpp: rosidl_typesupport_introspection_cpp;rosidl_typesupport_fastrtps_cpp
[5.065s] -- Found PythonInterp: /usr/bin/python3 (found suitable version "3.8.10", minimum required is "3.5") 
[5.082s] -- Found python_cmake_module: 0.8.1 (/home/collin/ros2_galactic/install/python_cmake_module/share/python_cmake_module/cmake)
[5.193s] -- Found PythonLibs: /usr/lib/x86_64-linux-gnu/libpython3.8.so (found suitable version "3.8.10", minimum required is "3.5") 
[5.193s] -- Using PYTHON_EXECUTABLE: /usr/bin/python3
[5.193s] -- Using PYTHON_INCLUDE_DIRS: /usr/include/python3.8
[5.194s] -- Using PYTHON_LIBRARIES: /usr/lib/x86_64-linux-gnu/libpython3.8.so
[5.275s] -- Found PythonExtra: .so  
[6.157s] -- Found ament_cmake_flake8: 0.10.6 (/home/collin/ros2_galactic/install/ament_cmake_flake8/share/ament_cmake_flake8/cmake)
[6.178s] -- Found ament_cmake_pep257: 0.10.6 (/home/collin/ros2_galactic/install/ament_cmake_pep257/share/ament_cmake_pep257/cmake)
[6.200s] -- Configuring done
[6.293s] -- Generating done
[6.296s] -- Build files have been written to: /home/collin/ros2_ws/src/vectornav/build/vectornav_msgs
[6.308s] Invoked command in '/home/collin/ros2_ws/src/vectornav/build/vectornav_msgs' returned '0': CMAKE_PREFIX_PATH=${CMAKE_PREFIX_PATH}:/home/collin/nav2_ws/install/opencv_tests:/home/collin/nav2_ws/install/nav2_simple_commander:/home/collin/nav2_ws/install/nav2_gazebo_spawner:/home/collin/ros2_galactic/install/rqt_bag_plugins:/home/collin/ros2_galactic/install/rqt_bag:/home/collin/ros2_galactic/install/ros2bag:/home/collin/ros2_galactic/install/tracetools_launch:/home/collin/ros2_galactic/install/topic_monitor:/home/collin/ros2_galactic/install/tf2_tools:/home/collin/ros2_galactic/install/examples_tf2_py:/home/collin/ros2_galactic/install/tf2_ros_py:/home/collin/ros2_galactic/install/sros2:/home/collin/ros2_galactic/install/rqt_topic:/home/collin/ros2_galactic/install/rqt_top:/home/collin/ros2_galactic/install/rqt_srv:/home/collin/ros2_galactic/install/rqt_shell:/home/collin/ros2_galactic/install/rqt_service_caller:/home/collin/ros2_galactic/install/rqt_reconfigure:/home/collin/ros2_galactic/install/rqt_py_console:/home/collin/ros2_galactic/install/rqt_publisher:/home/collin/ros2_galactic/install/rqt_plot:/home/collin/ros2_galactic/install/rqt_action:/home/collin/ros2_galactic/install/rqt_msg:/home/collin/ros2_galactic/install/rqt_console:/home/collin/ros2_galactic/install/rqt:/home/collin/ros2_galactic/install/rqt_graph:/home/collin/ros2_galactic/install/rqt_gui_py:/home/collin/ros2_galactic/install/rqt_gui:/home/collin/ros2_galactic/install/ros2trace:/home/collin/ros2_galactic/install/ros2topic:/home/collin/ros2_galactic/install/ros2test:/home/collin/ros2_galactic/install/ros2component:/home/collin/ros2_galactic/install/ros2param:/home/collin/ros2_galactic/install/ros2lifecycle:/home/collin/ros2_galactic/install/ros2service:/home/collin/ros2_galactic/install/ros2run:/home/collin/ros2_galactic/install/ros2launch:/home/collin/ros2_galactic/install/ros2pkg:/home/collin/ros2_galactic/install/ros2node:/home/collin/ros2_galactic/install/ros2multicast:/home/collin/ros2_galactic/install/ros2interface:/home/collin/ros2_galactic/install/ros2doctor:/home/collin/ros2_galactic/install/ros2action:/home/collin/ros2_galactic/install/ros2cli:/home/collin/ros2_galactic/install/quality_of_service_demo_py:/home/collin/ros2_galactic/install/launch_testing_ros:/home/collin/ros2_galactic/install/launch_ros:/home/collin/ros2_galactic/install/examples_rclpy_pointcloud_publisher:/home/collin/ros2_galactic/install/examples_rclpy_minimal_subscriber:/home/collin/ros2_galactic/install/examples_rclpy_minimal_service:/home/collin/ros2_galactic/install/examples_rclpy_minimal_publisher:/home/collin/ros2_galactic/install/examples_rclpy_minimal_client:/home/collin/ros2_galactic/install/examples_rclpy_minimal_action_server:/home/collin/ros2_galactic/install/examples_rclpy_minimal_action_client:/home/collin/ros2_galactic/install/examples_rclpy_guard_conditions:/home/collin/ros2_galactic/install/examples_rclpy_executors:/home/collin/ros2_galactic/install/demo_nodes_py:/home/collin/ros2_galactic/install/action_tutorials_py:/home/collin/ros2_galactic/install/ament_uncrustify:/home/collin/ros2_galactic/install/tracetools_trace:/home/collin/ros2_galactic/install/tracetools_read:/home/collin/ros2_galactic/install/test_launch_ros:/home/collin/ros2_galactic/install/sensor_msgs_py:/home/collin/ros2_galactic/install/rpyutils:/home/collin/ros2_galactic/install/rosidl_runtime_py:/home/collin/ros2_galactic/install/rosidl_cli:/home/collin/ros2_galactic/install/launch_yaml:/home/collin/ros2_galactic/install/launch_xml:/home/collin/ros2_galactic/install/launch_testing:/home/collin/ros2_galactic/install/launch:/home/collin/ros2_galactic/install/osrf_pycommon:/home/collin/ros2_galactic/install/domain_coordinator:/home/collin/ros2_galactic/install/ament_xmllint:/home/collin/ros2_galactic/install/ament_pyflakes:/home/collin/ros2_galactic/install/ament_pycodestyle:/home/collin/ros2_galactic/install/ament_pep257:/home/collin/ros2_galactic/install/ament_pclint:/home/collin/ros2_galactic/install/ament_package:/home/collin/ros2_galactic/install/ament_mypy:/home/collin/ros2_galactic/install/ament_lint_cmake:/home/collin/ros2_galactic/install/ament_flake8:/home/collin/ros2_galactic/install/ament_copyright:/home/collin/ros2_galactic/install/ament_lint:/home/collin/ros2_galactic/install/ament_index_python:/home/collin/ros2_galactic/install/ament_cpplint:/home/collin/ros2_galactic/install/ament_cppcheck:/home/collin/ros2_galactic/install/ament_clang_tidy:/home/collin/ros2_galactic/install/ament_clang_format /usr/bin/cmake /home/collin/ros2_ws/src/vectornav/vectornav_msgs -DCMAKE_INSTALL_PREFIX=/home/collin/ros2_ws/src/vectornav/install/vectornav_msgs
[6.312s] Invoking command in '/home/collin/ros2_ws/src/vectornav/build/vectornav_msgs': CMAKE_PREFIX_PATH=${CMAKE_PREFIX_PATH}:/home/collin/nav2_ws/install/opencv_tests:/home/collin/nav2_ws/install/nav2_simple_commander:/home/collin/nav2_ws/install/nav2_gazebo_spawner:/home/collin/ros2_galactic/install/rqt_bag_plugins:/home/collin/ros2_galactic/install/rqt_bag:/home/collin/ros2_galactic/install/ros2bag:/home/collin/ros2_galactic/install/tracetools_launch:/home/collin/ros2_galactic/install/topic_monitor:/home/collin/ros2_galactic/install/tf2_tools:/home/collin/ros2_galactic/install/examples_tf2_py:/home/collin/ros2_galactic/install/tf2_ros_py:/home/collin/ros2_galactic/install/sros2:/home/collin/ros2_galactic/install/rqt_topic:/home/collin/ros2_galactic/install/rqt_top:/home/collin/ros2_galactic/install/rqt_srv:/home/collin/ros2_galactic/install/rqt_shell:/home/collin/ros2_galactic/install/rqt_service_caller:/home/collin/ros2_galactic/install/rqt_reconfigure:/home/collin/ros2_galactic/install/rqt_py_console:/home/collin/ros2_galactic/install/rqt_publisher:/home/collin/ros2_galactic/install/rqt_plot:/home/collin/ros2_galactic/install/rqt_action:/home/collin/ros2_galactic/install/rqt_msg:/home/collin/ros2_galactic/install/rqt_console:/home/collin/ros2_galactic/install/rqt:/home/collin/ros2_galactic/install/rqt_graph:/home/collin/ros2_galactic/install/rqt_gui_py:/home/collin/ros2_galactic/install/rqt_gui:/home/collin/ros2_galactic/install/ros2trace:/home/collin/ros2_galactic/install/ros2topic:/home/collin/ros2_galactic/install/ros2test:/home/collin/ros2_galactic/install/ros2component:/home/collin/ros2_galactic/install/ros2param:/home/collin/ros2_galactic/install/ros2lifecycle:/home/collin/ros2_galactic/install/ros2service:/home/collin/ros2_galactic/install/ros2run:/home/collin/ros2_galactic/install/ros2launch:/home/collin/ros2_galactic/install/ros2pkg:/home/collin/ros2_galactic/install/ros2node:/home/collin/ros2_galactic/install/ros2multicast:/home/collin/ros2_galactic/install/ros2interface:/home/collin/ros2_galactic/install/ros2doctor:/home/collin/ros2_galactic/install/ros2action:/home/collin/ros2_galactic/install/ros2cli:/home/collin/ros2_galactic/install/quality_of_service_demo_py:/home/collin/ros2_galactic/install/launch_testing_ros:/home/collin/ros2_galactic/install/launch_ros:/home/collin/ros2_galactic/install/examples_rclpy_pointcloud_publisher:/home/collin/ros2_galactic/install/examples_rclpy_minimal_subscriber:/home/collin/ros2_galactic/install/examples_rclpy_minimal_service:/home/collin/ros2_galactic/install/examples_rclpy_minimal_publisher:/home/collin/ros2_galactic/install/examples_rclpy_minimal_client:/home/collin/ros2_galactic/install/examples_rclpy_minimal_action_server:/home/collin/ros2_galactic/install/examples_rclpy_minimal_action_client:/home/collin/ros2_galactic/install/examples_rclpy_guard_conditions:/home/collin/ros2_galactic/install/examples_rclpy_executors:/home/collin/ros2_galactic/install/demo_nodes_py:/home/collin/ros2_galactic/install/action_tutorials_py:/home/collin/ros2_galactic/install/ament_uncrustify:/home/collin/ros2_galactic/install/tracetools_trace:/home/collin/ros2_galactic/install/tracetools_read:/home/collin/ros2_galactic/install/test_launch_ros:/home/collin/ros2_galactic/install/sensor_msgs_py:/home/collin/ros2_galactic/install/rpyutils:/home/collin/ros2_galactic/install/rosidl_runtime_py:/home/collin/ros2_galactic/install/rosidl_cli:/home/collin/ros2_galactic/install/launch_yaml:/home/collin/ros2_galactic/install/launch_xml:/home/collin/ros2_galactic/install/launch_testing:/home/collin/ros2_galactic/install/launch:/home/collin/ros2_galactic/install/osrf_pycommon:/home/collin/ros2_galactic/install/domain_coordinator:/home/collin/ros2_galactic/install/ament_xmllint:/home/collin/ros2_galactic/install/ament_pyflakes:/home/collin/ros2_galactic/install/ament_pycodestyle:/home/collin/ros2_galactic/install/ament_pep257:/home/collin/ros2_galactic/install/ament_pclint:/home/collin/ros2_galactic/install/ament_package:/home/collin/ros2_galactic/install/ament_mypy:/home/collin/ros2_galactic/install/ament_lint_cmake:/home/collin/ros2_galactic/install/ament_flake8:/home/collin/ros2_galactic/install/ament_copyright:/home/collin/ros2_galactic/install/ament_lint:/home/collin/ros2_galactic/install/ament_index_python:/home/collin/ros2_galactic/install/ament_cpplint:/home/collin/ros2_galactic/install/ament_cppcheck:/home/collin/ros2_galactic/install/ament_clang_tidy:/home/collin/ros2_galactic/install/ament_clang_format /usr/bin/cmake --build /home/collin/ros2_ws/src/vectornav/build/vectornav_msgs -- -j64 -l64
[6.447s] [35m[1mScanning dependencies of target vectornav_msgs__cpp[0m
[6.448s] [  1%] [34m[1mGenerating C code for ROS interfaces[0m
[6.482s] [  1%] [34m[1mGenerating C++ code for ROS interfaces[0m
[8.019s] [35m[1mScanning dependencies of target vectornav_msgs__rosidl_generator_c[0m
[8.098s] [  2%] [32mBuilding C object CMakeFiles/vectornav_msgs__rosidl_generator_c.dir/rosidl_generator_c/vectornav_msgs/msg/detail/ins_group__functions.c.o[0m
[8.098s] [  2%] [32mBuilding C object CMakeFiles/vectornav_msgs__rosidl_generator_c.dir/rosidl_generator_c/vectornav_msgs/msg/detail/time_utc__functions.c.o[0m
[8.099s] [  3%] [32mBuilding C object CMakeFiles/vectornav_msgs__rosidl_generator_c.dir/rosidl_generator_c/vectornav_msgs/msg/detail/dop__functions.c.o[0m
[8.099s] [  5%] [32mBuilding C object CMakeFiles/vectornav_msgs__rosidl_generator_c.dir/rosidl_generator_c/vectornav_msgs/msg/detail/vpe_status__functions.c.o[0m
[8.099s] [  5%] [32mBuilding C object CMakeFiles/vectornav_msgs__rosidl_generator_c.dir/rosidl_generator_c/vectornav_msgs/msg/detail/ins_status__functions.c.o[0m
[8.103s] [  7%] [32mBuilding C object CMakeFiles/vectornav_msgs__rosidl_generator_c.dir/rosidl_generator_c/vectornav_msgs/msg/detail/imu_group__functions.c.o[0m
[8.103s] [  7%] [32mBuilding C object CMakeFiles/vectornav_msgs__rosidl_generator_c.dir/rosidl_generator_c/vectornav_msgs/msg/detail/common_group__functions.c.o[0m
[8.104s] [  8%] [32mBuilding C object CMakeFiles/vectornav_msgs__rosidl_generator_c.dir/rosidl_generator_c/vectornav_msgs/msg/detail/time_group__functions.c.o[0m
[8.104s] [ 10%] [32mBuilding C object CMakeFiles/vectornav_msgs__rosidl_generator_c.dir/rosidl_generator_c/vectornav_msgs/msg/detail/gps_group__functions.c.o[0m
[8.104s] [ 10%] [32mBuilding C object CMakeFiles/vectornav_msgs__rosidl_generator_c.dir/rosidl_generator_c/vectornav_msgs/msg/detail/attitude_group__functions.c.o[0m
[8.105s] [ 11%] [32mBuilding C object CMakeFiles/vectornav_msgs__rosidl_generator_c.dir/rosidl_generator_c/vectornav_msgs/msg/detail/time_status__functions.c.o[0m
[8.115s] [ 11%] Built target vectornav_msgs__cpp
[8.163s] [ 11%] [34m[1mGenerating C++ type support for eProsima Fast-RTPS[0m
[8.174s] [ 13%] [34m[1mGenerating C++ introspection for ROS interfaces[0m
[8.174s] [ 13%] [34m[1mGenerating C++ type support dispatch for ROS interfaces[0m
[8.223s] [ 14%] [32m[1mLinking C shared library libvectornav_msgs__rosidl_generator_c.so[0m
[8.316s] [ 14%] Built target vectornav_msgs__rosidl_generator_c
[8.352s] [ 15%] [34m[1mGenerating C type support dispatch for ROS interfaces[0m
[8.361s] [ 16%] [34m[1mGenerating C introspection for ROS interfaces[0m
[9.546s] [35m[1mScanning dependencies of target vectornav_msgs__rosidl_typesupport_cpp[0m
[9.603s] [ 17%] [32mBuilding CXX object CMakeFiles/vectornav_msgs__rosidl_typesupport_cpp.dir/rosidl_typesupport_cpp/vectornav_msgs/msg/gps_group__type_support.cpp.o[0m
[9.604s] [ 18%] [32mBuilding CXX object CMakeFiles/vectornav_msgs__rosidl_typesupport_cpp.dir/rosidl_typesupport_cpp/vectornav_msgs/msg/ins_status__type_support.cpp.o[0m
[9.605s] [ 20%] [32mBuilding CXX object CMakeFiles/vectornav_msgs__rosidl_typesupport_cpp.dir/rosidl_typesupport_cpp/vectornav_msgs/msg/time_utc__type_support.cpp.o[0m
[9.605s] [ 20%] [32mBuilding CXX object CMakeFiles/vectornav_msgs__rosidl_typesupport_cpp.dir/rosidl_typesupport_cpp/vectornav_msgs/msg/imu_group__type_support.cpp.o[0m
[9.606s] [ 21%] [32mBuilding CXX object CMakeFiles/vectornav_msgs__rosidl_typesupport_cpp.dir/rosidl_typesupport_cpp/vectornav_msgs/msg/vpe_status__type_support.cpp.o[0m
[9.606s] [ 23%] [32mBuilding CXX object CMakeFiles/vectornav_msgs__rosidl_typesupport_cpp.dir/rosidl_typesupport_cpp/vectornav_msgs/msg/common_group__type_support.cpp.o[0m
[9.607s] [ 23%] [32mBuilding CXX object CMakeFiles/vectornav_msgs__rosidl_typesupport_cpp.dir/rosidl_typesupport_cpp/vectornav_msgs/msg/dop__type_support.cpp.o[0m
[9.607s] [ 23%] [32mBuilding CXX object CMakeFiles/vectornav_msgs__rosidl_typesupport_cpp.dir/rosidl_typesupport_cpp/vectornav_msgs/msg/time_group__type_support.cpp.o[0m
[9.614s] [ 24%] [32mBuilding CXX object CMakeFiles/vectornav_msgs__rosidl_typesupport_cpp.dir/rosidl_typesupport_cpp/vectornav_msgs/msg/ins_group__type_support.cpp.o[0m
[9.614s] [ 25%] [32mBuilding CXX object CMakeFiles/vectornav_msgs__rosidl_typesupport_cpp.dir/rosidl_typesupport_cpp/vectornav_msgs/msg/time_status__type_support.cpp.o[0m
[9.615s] [ 26%] [32mBuilding CXX object CMakeFiles/vectornav_msgs__rosidl_typesupport_cpp.dir/rosidl_typesupport_cpp/vectornav_msgs/msg/attitude_group__type_support.cpp.o[0m
[9.695s] [35m[1mScanning dependencies of target vectornav_msgs__rosidl_typesupport_c[0m
[9.760s] [ 27%] [32mBuilding CXX object CMakeFiles/vectornav_msgs__rosidl_typesupport_c.dir/rosidl_typesupport_c/vectornav_msgs/msg/dop__type_support.cpp.o[0m
[9.761s] [ 31%] [32mBuilding CXX object CMakeFiles/vectornav_msgs__rosidl_typesupport_c.dir/rosidl_typesupport_c/vectornav_msgs/msg/ins_group__type_support.cpp.o[0m
[9.761s] [ 31%] [32mBuilding CXX object CMakeFiles/vectornav_msgs__rosidl_typesupport_c.dir/rosidl_typesupport_c/vectornav_msgs/msg/gps_group__type_support.cpp.o[0m
[9.761s] [ 31%] [32mBuilding CXX object CMakeFiles/vectornav_msgs__rosidl_typesupport_c.dir/rosidl_typesupport_c/vectornav_msgs/msg/time_utc__type_support.cpp.o[0m
[9.761s] [ 31%] [32mBuilding CXX object CMakeFiles/vectornav_msgs__rosidl_typesupport_c.dir/rosidl_typesupport_c/vectornav_msgs/msg/ins_status__type_support.cpp.o[0m
[9.761s] [ 32%] [32mBuilding CXX object CMakeFiles/vectornav_msgs__rosidl_typesupport_c.dir/rosidl_typesupport_c/vectornav_msgs/msg/attitude_group__type_support.cpp.o[0m
[9.762s] [35m[1mScanning dependencies of target vectornav_msgs__rosidl_typesupport_fastrtps_cpp[0m
[9.763s] [ 33%] [32mBuilding CXX object CMakeFiles/vectornav_msgs__rosidl_typesupport_c.dir/rosidl_typesupport_c/vectornav_msgs/msg/vpe_status__type_support.cpp.o[0m
[9.769s] [ 35%] [32mBuilding CXX object CMakeFiles/vectornav_msgs__rosidl_typesupport_c.dir/rosidl_typesupport_c/vectornav_msgs/msg/time_group__type_support.cpp.o[0m
[9.769s] [ 35%] [32mBuilding CXX object CMakeFiles/vectornav_msgs__rosidl_typesupport_c.dir/rosidl_typesupport_c/vectornav_msgs/msg/time_status__type_support.cpp.o[0m
[9.773s] [35m[1mScanning dependencies of target vectornav_msgs__rosidl_typesupport_introspection_cpp[0m
[9.775s] [ 36%] [32mBuilding CXX object CMakeFiles/vectornav_msgs__rosidl_typesupport_c.dir/rosidl_typesupport_c/vectornav_msgs/msg/imu_group__type_support.cpp.o[0m
[9.775s] [ 36%] [32mBuilding CXX object CMakeFiles/vectornav_msgs__rosidl_typesupport_c.dir/rosidl_typesupport_c/vectornav_msgs/msg/common_group__type_support.cpp.o[0m
[9.838s] [ 37%] [32mBuilding CXX object CMakeFiles/vectornav_msgs__rosidl_typesupport_fastrtps_cpp.dir/rosidl_typesupport_fastrtps_cpp/vectornav_msgs/msg/detail/dds_fastrtps/imu_group__type_support.cpp.o[0m
[9.843s] [ 38%] [32mBuilding CXX object CMakeFiles/vectornav_msgs__rosidl_typesupport_fastrtps_cpp.dir/rosidl_typesupport_fastrtps_cpp/vectornav_msgs/msg/detail/dds_fastrtps/ins_group__type_support.cpp.o[0m
[9.847s] [ 39%] [32mBuilding CXX object CMakeFiles/vectornav_msgs__rosidl_typesupport_introspection_cpp.dir/rosidl_typesupport_introspection_cpp/vectornav_msgs/msg/detail/imu_group__type_support.cpp.o[0m
[9.847s] [ 41%] [32mBuilding CXX object CMakeFiles/vectornav_msgs__rosidl_typesupport_introspection_cpp.dir/rosidl_typesupport_introspection_cpp/vectornav_msgs/msg/detail/time_utc__type_support.cpp.o[0m
[9.847s] [ 41%] [32mBuilding CXX object CMakeFiles/vectornav_msgs__rosidl_typesupport_introspection_cpp.dir/rosidl_typesupport_introspection_cpp/vectornav_msgs/msg/detail/ins_group__type_support.cpp.o[0m
[9.849s] [ 44%] [32mBuilding CXX object CMakeFiles/vectornav_msgs__rosidl_typesupport_fastrtps_cpp.dir/rosidl_typesupport_fastrtps_cpp/vectornav_msgs/msg/detail/dds_fastrtps/gps_group__type_support.cpp.o[0m
[9.850s] [ 45%] [32mBuilding CXX object CMakeFiles/vectornav_msgs__rosidl_typesupport_fastrtps_cpp.dir/rosidl_typesupport_fastrtps_cpp/vectornav_msgs/msg/detail/dds_fastrtps/time_utc__type_support.cpp.o[0m
[9.850s] [ 49%] [32mBuilding CXX object CMakeFiles/vectornav_msgs__rosidl_typesupport_introspection_cpp.dir/rosidl_typesupport_introspection_cpp/vectornav_msgs/msg/detail/dop__type_support.cpp.o[0m
[9.850s] [ 49%] [32mBuilding CXX object CMakeFiles/vectornav_msgs__rosidl_typesupport_introspection_cpp.dir/rosidl_typesupport_introspection_cpp/vectornav_msgs/msg/detail/gps_group__type_support.cpp.o[0m
[9.851s] [ 49%] [32mBuilding CXX object CMakeFiles/vectornav_msgs__rosidl_typesupport_fastrtps_cpp.dir/rosidl_typesupport_fastrtps_cpp/vectornav_msgs/msg/detail/dds_fastrtps/attitude_group__type_support.cpp.o[0m
[9.851s] [ 49%] [32mBuilding CXX object CMakeFiles/vectornav_msgs__rosidl_typesupport_fastrtps_cpp.dir/rosidl_typesupport_fastrtps_cpp/vectornav_msgs/msg/detail/dds_fastrtps/ins_status__type_support.cpp.o[0m
[9.851s] [ 44%] [32mBuilding CXX object CMakeFiles/vectornav_msgs__rosidl_typesupport_fastrtps_cpp.dir/rosidl_typesupport_fastrtps_cpp/vectornav_msgs/msg/detail/dds_fastrtps/time_group__type_support.cpp.o[0m
[9.851s] [ 44%] [32mBuilding CXX object CMakeFiles/vectornav_msgs__rosidl_typesupport_fastrtps_cpp.dir/rosidl_typesupport_fastrtps_cpp/vectornav_msgs/msg/detail/dds_fastrtps/common_group__type_support.cpp.o[0m
[9.851s] [ 50%] [32mBuilding CXX object CMakeFiles/vectornav_msgs__rosidl_typesupport_fastrtps_cpp.dir/rosidl_typesupport_fastrtps_cpp/vectornav_msgs/msg/detail/dds_fastrtps/vpe_status__type_support.cpp.o[0m
[9.851s] [ 51%] [32mBuilding CXX object CMakeFiles/vectornav_msgs__rosidl_typesupport_fastrtps_cpp.dir/rosidl_typesupport_fastrtps_cpp/vectornav_msgs/msg/detail/dds_fastrtps/dop__type_support.cpp.o[0m
[9.854s] [ 51%] [32mBuilding CXX object CMakeFiles/vectornav_msgs__rosidl_typesupport_fastrtps_cpp.dir/rosidl_typesupport_fastrtps_cpp/vectornav_msgs/msg/detail/dds_fastrtps/time_status__type_support.cpp.o[0m
[9.857s] [ 52%] [32mBuilding CXX object CMakeFiles/vectornav_msgs__rosidl_typesupport_introspection_cpp.dir/rosidl_typesupport_introspection_cpp/vectornav_msgs/msg/detail/ins_status__type_support.cpp.o[0m
[9.857s] [ 53%] [32mBuilding CXX object CMakeFiles/vectornav_msgs__rosidl_typesupport_introspection_cpp.dir/rosidl_typesupport_introspection_cpp/vectornav_msgs/msg/detail/time_group__type_support.cpp.o[0m
[9.857s] [ 53%] [32mBuilding CXX object CMakeFiles/vectornav_msgs__rosidl_typesupport_introspection_cpp.dir/rosidl_typesupport_introspection_cpp/vectornav_msgs/msg/detail/common_group__type_support.cpp.o[0m
[9.858s] [ 54%] [32mBuilding CXX object CMakeFiles/vectornav_msgs__rosidl_typesupport_introspection_cpp.dir/rosidl_typesupport_introspection_cpp/vectornav_msgs/msg/detail/time_status__type_support.cpp.o[0m
[9.860s] [ 55%] [32mBuilding CXX object CMakeFiles/vectornav_msgs__rosidl_typesupport_introspection_cpp.dir/rosidl_typesupport_introspection_cpp/vectornav_msgs/msg/detail/attitude_group__type_support.cpp.o[0m
[9.861s] [ 56%] [32mBuilding CXX object CMakeFiles/vectornav_msgs__rosidl_typesupport_introspection_cpp.dir/rosidl_typesupport_introspection_cpp/vectornav_msgs/msg/detail/vpe_status__type_support.cpp.o[0m
[9.878s] [ 57%] [32m[1mLinking CXX shared library libvectornav_msgs__rosidl_typesupport_c.so[0m
[10.001s] [ 57%] Built target vectornav_msgs__rosidl_typesupport_c
[10.105s] [35m[1mScanning dependencies of target vectornav_msgs__rosidl_typesupport_introspection_c[0m
[10.170s] [ 60%] [32mBuilding C object CMakeFiles/vectornav_msgs__rosidl_typesupport_introspection_c.dir/rosidl_typesupport_introspection_c/vectornav_msgs/msg/detail/dop__type_support.c.o[0m
[10.170s] [ 60%] [32mBuilding C object CMakeFiles/vectornav_msgs__rosidl_typesupport_introspection_c.dir/rosidl_typesupport_introspection_c/vectornav_msgs/msg/detail/time_status__type_support.c.o[0m
[10.170s] [ 60%] [32mBuilding C object CMakeFiles/vectornav_msgs__rosidl_typesupport_introspection_c.dir/rosidl_typesupport_introspection_c/vectornav_msgs/msg/detail/vpe_status__type_support.c.o[0m
[10.170s] [ 62%] [32mBuilding C object CMakeFiles/vectornav_msgs__rosidl_typesupport_introspection_c.dir/rosidl_typesupport_introspection_c/vectornav_msgs/msg/detail/time_utc__type_support.c.o[0m
[10.170s] [ 62%] [32m[1mLinking CXX shared library libvectornav_msgs__rosidl_typesupport_cpp.so[0m
[10.170s] [ 62%] [32mBuilding C object CMakeFiles/vectornav_msgs__rosidl_typesupport_introspection_c.dir/rosidl_typesupport_introspection_c/vectornav_msgs/msg/detail/ins_status__type_support.c.o[0m
[10.171s] [ 63%] [32mBuilding C object CMakeFiles/vectornav_msgs__rosidl_typesupport_introspection_c.dir/rosidl_typesupport_introspection_c/vectornav_msgs/msg/detail/common_group__type_support.c.o[0m
[10.174s] [ 66%] [32mBuilding C object CMakeFiles/vectornav_msgs__rosidl_typesupport_introspection_c.dir/rosidl_typesupport_introspection_c/vectornav_msgs/msg/detail/time_group__type_support.c.o[0m
[10.175s] [ 66%] [32mBuilding C object CMakeFiles/vectornav_msgs__rosidl_typesupport_introspection_c.dir/rosidl_typesupport_introspection_c/vectornav_msgs/msg/detail/gps_group__type_support.c.o[0m
[10.175s] [ 66%] [32mBuilding C object CMakeFiles/vectornav_msgs__rosidl_typesupport_introspection_c.dir/rosidl_typesupport_introspection_c/vectornav_msgs/msg/detail/imu_group__type_support.c.o[0m
[10.175s] [ 67%] [32mBuilding C object CMakeFiles/vectornav_msgs__rosidl_typesupport_introspection_c.dir/rosidl_typesupport_introspection_c/vectornav_msgs/msg/detail/ins_group__type_support.c.o[0m
[10.184s] [ 68%] [32mBuilding C object CMakeFiles/vectornav_msgs__rosidl_typesupport_introspection_c.dir/rosidl_typesupport_introspection_c/vectornav_msgs/msg/detail/attitude_group__type_support.c.o[0m
[10.293s] [ 69%] [32m[1mLinking C shared library libvectornav_msgs__rosidl_typesupport_introspection_c.so[0m
[10.293s] [ 69%] Built target vectornav_msgs__rosidl_typesupport_cpp
[10.390s] [ 69%] Built target vectornav_msgs__rosidl_typesupport_introspection_c
[10.405s] [ 70%] [32m[1mLinking CXX shared library libvectornav_msgs__rosidl_typesupport_introspection_cpp.so[0m
[10.501s] [ 71%] [32m[1mLinking CXX shared library libvectornav_msgs__rosidl_typesupport_fastrtps_cpp.so[0m
[10.549s] [ 71%] Built target vectornav_msgs__rosidl_typesupport_introspection_cpp
[10.639s] [ 71%] Built target vectornav_msgs__rosidl_typesupport_fastrtps_cpp
[10.676s] [ 72%] [34m[1mGenerating C type support for eProsima Fast-RTPS[0m
[12.140s] [35m[1mScanning dependencies of target vectornav_msgs__rosidl_typesupport_fastrtps_c[0m
[12.205s] [ 75%] [32mBuilding CXX object CMakeFiles/vectornav_msgs__rosidl_typesupport_fastrtps_c.dir/rosidl_typesupport_fastrtps_c/vectornav_msgs/msg/detail/time_group__type_support_c.cpp.o[0m
[12.205s] [ 75%] [32mBuilding CXX object CMakeFiles/vectornav_msgs__rosidl_typesupport_fastrtps_c.dir/rosidl_typesupport_fastrtps_c/vectornav_msgs/msg/detail/ins_group__type_support_c.cpp.o[0m
[12.206s] [ 75%] [32mBuilding CXX object CMakeFiles/vectornav_msgs__rosidl_typesupport_fastrtps_c.dir/rosidl_typesupport_fastrtps_c/vectornav_msgs/msg/detail/vpe_status__type_support_c.cpp.o[0m
[12.206s] [ 76%] [32mBuilding CXX object CMakeFiles/vectornav_msgs__rosidl_typesupport_fastrtps_c.dir/rosidl_typesupport_fastrtps_c/vectornav_msgs/msg/detail/attitude_group__type_support_c.cpp.o[0m
[12.206s] [ 76%] [32mBuilding CXX object CMakeFiles/vectornav_msgs__rosidl_typesupport_fastrtps_c.dir/rosidl_typesupport_fastrtps_c/vectornav_msgs/msg/detail/ins_status__type_support_c.cpp.o[0m
[12.210s] [ 78%] [32mBuilding CXX object CMakeFiles/vectornav_msgs__rosidl_typesupport_fastrtps_c.dir/rosidl_typesupport_fastrtps_c/vectornav_msgs/msg/detail/imu_group__type_support_c.cpp.o[0m
[12.210s] [ 78%] [32mBuilding CXX object CMakeFiles/vectornav_msgs__rosidl_typesupport_fastrtps_c.dir/rosidl_typesupport_fastrtps_c/vectornav_msgs/msg/detail/common_group__type_support_c.cpp.o[0m
[12.210s] [ 79%] [32mBuilding CXX object CMakeFiles/vectornav_msgs__rosidl_typesupport_fastrtps_c.dir/rosidl_typesupport_fastrtps_c/vectornav_msgs/msg/detail/time_utc__type_support_c.cpp.o[0m
[12.213s] [ 80%] [32mBuilding CXX object CMakeFiles/vectornav_msgs__rosidl_typesupport_fastrtps_c.dir/rosidl_typesupport_fastrtps_c/vectornav_msgs/msg/detail/time_status__type_support_c.cpp.o[0m
[12.214s] [ 82%] [32mBuilding CXX object CMakeFiles/vectornav_msgs__rosidl_typesupport_fastrtps_c.dir/rosidl_typesupport_fastrtps_c/vectornav_msgs/msg/detail/dop__type_support_c.cpp.o[0m
[12.214s] [ 82%] [32mBuilding CXX object CMakeFiles/vectornav_msgs__rosidl_typesupport_fastrtps_c.dir/rosidl_typesupport_fastrtps_c/vectornav_msgs/msg/detail/gps_group__type_support_c.cpp.o[0m
[12.689s] [ 83%] [32m[1mLinking CXX shared library libvectornav_msgs__rosidl_typesupport_fastrtps_c.so[0m
[12.841s] [ 83%] Built target vectornav_msgs__rosidl_typesupport_fastrtps_c
[12.875s] [35m[1mScanning dependencies of target vectornav_msgs[0m
[12.909s] [ 83%] Built target vectornav_msgs
[12.945s] [35m[1mScanning dependencies of target vectornav_msgs__py[0m
[12.979s] [ 84%] [34m[1mGenerating Python code for ROS interfaces[0m
[15.918s] [ 84%] Built target vectornav_msgs__py
[15.954s] [35m[1mScanning dependencies of target vectornav_msgs__python[0m
[16.038s] [ 84%] [32mBuilding C object CMakeFiles/vectornav_msgs__python.dir/rosidl_generator_py/vectornav_msgs/msg/_vpe_status_s.c.o[0m
[16.040s] [ 85%] [32mBuilding C object CMakeFiles/vectornav_msgs__python.dir/rosidl_generator_py/vectornav_msgs/msg/_time_utc_s.c.o[0m
[16.041s] [ 86%] [32mBuilding C object CMakeFiles/vectornav_msgs__python.dir/rosidl_generator_py/vectornav_msgs/msg/_imu_group_s.c.o[0m
[16.042s] [ 88%] [32mBuilding C object CMakeFiles/vectornav_msgs__python.dir/rosidl_generator_py/vectornav_msgs/msg/_dop_s.c.o[0m
[16.042s] [ 88%] [32mBuilding C object CMakeFiles/vectornav_msgs__python.dir/rosidl_generator_py/vectornav_msgs/msg/_common_group_s.c.o[0m
[16.044s] [ 90%] [32mBuilding C object CMakeFiles/vectornav_msgs__python.dir/rosidl_generator_py/vectornav_msgs/msg/_time_group_s.c.o[0m
[16.044s] [ 90%] [32mBuilding C object CMakeFiles/vectornav_msgs__python.dir/rosidl_generator_py/vectornav_msgs/msg/_gps_group_s.c.o[0m
[16.044s] [ 91%] [32mBuilding C object CMakeFiles/vectornav_msgs__python.dir/rosidl_generator_py/vectornav_msgs/msg/_attitude_group_s.c.o[0m
[16.045s] [ 92%] [32mBuilding C object CMakeFiles/vectornav_msgs__python.dir/rosidl_generator_py/vectornav_msgs/msg/_time_status_s.c.o[0m
[16.046s] [ 93%] [32mBuilding C object CMakeFiles/vectornav_msgs__python.dir/rosidl_generator_py/vectornav_msgs/msg/_ins_group_s.c.o[0m
[16.048s] [ 94%] [32mBuilding C object CMakeFiles/vectornav_msgs__python.dir/rosidl_generator_py/vectornav_msgs/msg/_ins_status_s.c.o[0m
[16.251s] [ 95%] [32m[1mLinking C shared library rosidl_generator_py/vectornav_msgs/libvectornav_msgs__python.so[0m
[16.349s] [ 95%] Built target vectornav_msgs__python
[16.386s] [35m[1mScanning dependencies of target vectornav_msgs__rosidl_typesupport_c__pyext[0m
[16.386s] [35m[1mScanning dependencies of target vectornav_msgs__rosidl_typesupport_introspection_c__pyext[0m
[16.389s] [35m[1mScanning dependencies of target vectornav_msgs__rosidl_typesupport_fastrtps_c__pyext[0m
[16.434s] [ 96%] [32mBuilding C object CMakeFiles/vectornav_msgs__rosidl_typesupport_c__pyext.dir/rosidl_generator_py/vectornav_msgs/_vectornav_msgs_s.ep.rosidl_typesupport_c.c.o[0m
[16.434s] [ 96%] [32mBuilding C object CMakeFiles/vectornav_msgs__rosidl_typesupport_introspection_c__pyext.dir/rosidl_generator_py/vectornav_msgs/_vectornav_msgs_s.ep.rosidl_typesupport_introspection_c.c.o[0m
[16.443s] [ 97%] [32mBuilding C object CMakeFiles/vectornav_msgs__rosidl_typesupport_fastrtps_c__pyext.dir/rosidl_generator_py/vectornav_msgs/_vectornav_msgs_s.ep.rosidl_typesupport_fastrtps_c.c.o[0m
[16.597s] [ 98%] [32m[1mLinking C shared library rosidl_generator_py/vectornav_msgs/vectornav_msgs_s__rosidl_typesupport_c.cpython-38-x86_64-linux-gnu.so[0m
[16.602s] [ 99%] [32m[1mLinking C shared library rosidl_generator_py/vectornav_msgs/vectornav_msgs_s__rosidl_typesupport_introspection_c.cpython-38-x86_64-linux-gnu.so[0m
[16.614s] [100%] [32m[1mLinking CXX shared library rosidl_generator_py/vectornav_msgs/vectornav_msgs_s__rosidl_typesupport_fastrtps_c.cpython-38-x86_64-linux-gnu.so[0m
[16.692s] [100%] Built target vectornav_msgs__rosidl_typesupport_c__pyext
[16.700s] [100%] Built target vectornav_msgs__rosidl_typesupport_introspection_c__pyext
[16.742s] [100%] Built target vectornav_msgs__rosidl_typesupport_fastrtps_c__pyext
[16.775s] Invoked command in '/home/collin/ros2_ws/src/vectornav/build/vectornav_msgs' returned '0': CMAKE_PREFIX_PATH=${CMAKE_PREFIX_PATH}:/home/collin/nav2_ws/install/opencv_tests:/home/collin/nav2_ws/install/nav2_simple_commander:/home/collin/nav2_ws/install/nav2_gazebo_spawner:/home/collin/ros2_galactic/install/rqt_bag_plugins:/home/collin/ros2_galactic/install/rqt_bag:/home/collin/ros2_galactic/install/ros2bag:/home/collin/ros2_galactic/install/tracetools_launch:/home/collin/ros2_galactic/install/topic_monitor:/home/collin/ros2_galactic/install/tf2_tools:/home/collin/ros2_galactic/install/examples_tf2_py:/home/collin/ros2_galactic/install/tf2_ros_py:/home/collin/ros2_galactic/install/sros2:/home/collin/ros2_galactic/install/rqt_topic:/home/collin/ros2_galactic/install/rqt_top:/home/collin/ros2_galactic/install/rqt_srv:/home/collin/ros2_galactic/install/rqt_shell:/home/collin/ros2_galactic/install/rqt_service_caller:/home/collin/ros2_galactic/install/rqt_reconfigure:/home/collin/ros2_galactic/install/rqt_py_console:/home/collin/ros2_galactic/install/rqt_publisher:/home/collin/ros2_galactic/install/rqt_plot:/home/collin/ros2_galactic/install/rqt_action:/home/collin/ros2_galactic/install/rqt_msg:/home/collin/ros2_galactic/install/rqt_console:/home/collin/ros2_galactic/install/rqt:/home/collin/ros2_galactic/install/rqt_graph:/home/collin/ros2_galactic/install/rqt_gui_py:/home/collin/ros2_galactic/install/rqt_gui:/home/collin/ros2_galactic/install/ros2trace:/home/collin/ros2_galactic/install/ros2topic:/home/collin/ros2_galactic/install/ros2test:/home/collin/ros2_galactic/install/ros2component:/home/collin/ros2_galactic/install/ros2param:/home/collin/ros2_galactic/install/ros2lifecycle:/home/collin/ros2_galactic/install/ros2service:/home/collin/ros2_galactic/install/ros2run:/home/collin/ros2_galactic/install/ros2launch:/home/collin/ros2_galactic/install/ros2pkg:/home/collin/ros2_galactic/install/ros2node:/home/collin/ros2_galactic/install/ros2multicast:/home/collin/ros2_galactic/install/ros2interface:/home/collin/ros2_galactic/install/ros2doctor:/home/collin/ros2_galactic/install/ros2action:/home/collin/ros2_galactic/install/ros2cli:/home/collin/ros2_galactic/install/quality_of_service_demo_py:/home/collin/ros2_galactic/install/launch_testing_ros:/home/collin/ros2_galactic/install/launch_ros:/home/collin/ros2_galactic/install/examples_rclpy_pointcloud_publisher:/home/collin/ros2_galactic/install/examples_rclpy_minimal_subscriber:/home/collin/ros2_galactic/install/examples_rclpy_minimal_service:/home/collin/ros2_galactic/install/examples_rclpy_minimal_publisher:/home/collin/ros2_galactic/install/examples_rclpy_minimal_client:/home/collin/ros2_galactic/install/examples_rclpy_minimal_action_server:/home/collin/ros2_galactic/install/examples_rclpy_minimal_action_client:/home/collin/ros2_galactic/install/examples_rclpy_guard_conditions:/home/collin/ros2_galactic/install/examples_rclpy_executors:/home/collin/ros2_galactic/install/demo_nodes_py:/home/collin/ros2_galactic/install/action_tutorials_py:/home/collin/ros2_galactic/install/ament_uncrustify:/home/collin/ros2_galactic/install/tracetools_trace:/home/collin/ros2_galactic/install/tracetools_read:/home/collin/ros2_galactic/install/test_launch_ros:/home/collin/ros2_galactic/install/sensor_msgs_py:/home/collin/ros2_galactic/install/rpyutils:/home/collin/ros2_galactic/install/rosidl_runtime_py:/home/collin/ros2_galactic/install/rosidl_cli:/home/collin/ros2_galactic/install/launch_yaml:/home/collin/ros2_galactic/install/launch_xml:/home/collin/ros2_galactic/install/launch_testing:/home/collin/ros2_galactic/install/launch:/home/collin/ros2_galactic/install/osrf_pycommon:/home/collin/ros2_galactic/install/domain_coordinator:/home/collin/ros2_galactic/install/ament_xmllint:/home/collin/ros2_galactic/install/ament_pyflakes:/home/collin/ros2_galactic/install/ament_pycodestyle:/home/collin/ros2_galactic/install/ament_pep257:/home/collin/ros2_galactic/install/ament_pclint:/home/collin/ros2_galactic/install/ament_package:/home/collin/ros2_galactic/install/ament_mypy:/home/collin/ros2_galactic/install/ament_lint_cmake:/home/collin/ros2_galactic/install/ament_flake8:/home/collin/ros2_galactic/install/ament_copyright:/home/collin/ros2_galactic/install/ament_lint:/home/collin/ros2_galactic/install/ament_index_python:/home/collin/ros2_galactic/install/ament_cpplint:/home/collin/ros2_galactic/install/ament_cppcheck:/home/collin/ros2_galactic/install/ament_clang_tidy:/home/collin/ros2_galactic/install/ament_clang_format /usr/bin/cmake --build /home/collin/ros2_ws/src/vectornav/build/vectornav_msgs -- -j64 -l64
[17.655s] Invoking command in '/home/collin/ros2_ws/src/vectornav/build/vectornav_msgs': CMAKE_PREFIX_PATH=${CMAKE_PREFIX_PATH}:/home/collin/nav2_ws/install/opencv_tests:/home/collin/nav2_ws/install/nav2_simple_commander:/home/collin/nav2_ws/install/nav2_gazebo_spawner:/home/collin/ros2_galactic/install/rqt_bag_plugins:/home/collin/ros2_galactic/install/rqt_bag:/home/collin/ros2_galactic/install/ros2bag:/home/collin/ros2_galactic/install/tracetools_launch:/home/collin/ros2_galactic/install/topic_monitor:/home/collin/ros2_galactic/install/tf2_tools:/home/collin/ros2_galactic/install/examples_tf2_py:/home/collin/ros2_galactic/install/tf2_ros_py:/home/collin/ros2_galactic/install/sros2:/home/collin/ros2_galactic/install/rqt_topic:/home/collin/ros2_galactic/install/rqt_top:/home/collin/ros2_galactic/install/rqt_srv:/home/collin/ros2_galactic/install/rqt_shell:/home/collin/ros2_galactic/install/rqt_service_caller:/home/collin/ros2_galactic/install/rqt_reconfigure:/home/collin/ros2_galactic/install/rqt_py_console:/home/collin/ros2_galactic/install/rqt_publisher:/home/collin/ros2_galactic/install/rqt_plot:/home/collin/ros2_galactic/install/rqt_action:/home/collin/ros2_galactic/install/rqt_msg:/home/collin/ros2_galactic/install/rqt_console:/home/collin/ros2_galactic/install/rqt:/home/collin/ros2_galactic/install/rqt_graph:/home/collin/ros2_galactic/install/rqt_gui_py:/home/collin/ros2_galactic/install/rqt_gui:/home/collin/ros2_galactic/install/ros2trace:/home/collin/ros2_galactic/install/ros2topic:/home/collin/ros2_galactic/install/ros2test:/home/collin/ros2_galactic/install/ros2component:/home/collin/ros2_galactic/install/ros2param:/home/collin/ros2_galactic/install/ros2lifecycle:/home/collin/ros2_galactic/install/ros2service:/home/collin/ros2_galactic/install/ros2run:/home/collin/ros2_galactic/install/ros2launch:/home/collin/ros2_galactic/install/ros2pkg:/home/collin/ros2_galactic/install/ros2node:/home/collin/ros2_galactic/install/ros2multicast:/home/collin/ros2_galactic/install/ros2interface:/home/collin/ros2_galactic/install/ros2doctor:/home/collin/ros2_galactic/install/ros2action:/home/collin/ros2_galactic/install/ros2cli:/home/collin/ros2_galactic/install/quality_of_service_demo_py:/home/collin/ros2_galactic/install/launch_testing_ros:/home/collin/ros2_galactic/install/launch_ros:/home/collin/ros2_galactic/install/examples_rclpy_pointcloud_publisher:/home/collin/ros2_galactic/install/examples_rclpy_minimal_subscriber:/home/collin/ros2_galactic/install/examples_rclpy_minimal_service:/home/collin/ros2_galactic/install/examples_rclpy_minimal_publisher:/home/collin/ros2_galactic/install/examples_rclpy_minimal_client:/home/collin/ros2_galactic/install/examples_rclpy_minimal_action_server:/home/collin/ros2_galactic/install/examples_rclpy_minimal_action_client:/home/collin/ros2_galactic/install/examples_rclpy_guard_conditions:/home/collin/ros2_galactic/install/examples_rclpy_executors:/home/collin/ros2_galactic/install/demo_nodes_py:/home/collin/ros2_galactic/install/action_tutorials_py:/home/collin/ros2_galactic/install/ament_uncrustify:/home/collin/ros2_galactic/install/tracetools_trace:/home/collin/ros2_galactic/install/tracetools_read:/home/collin/ros2_galactic/install/test_launch_ros:/home/collin/ros2_galactic/install/sensor_msgs_py:/home/collin/ros2_galactic/install/rpyutils:/home/collin/ros2_galactic/install/rosidl_runtime_py:/home/collin/ros2_galactic/install/rosidl_cli:/home/collin/ros2_galactic/install/launch_yaml:/home/collin/ros2_galactic/install/launch_xml:/home/collin/ros2_galactic/install/launch_testing:/home/collin/ros2_galactic/install/launch:/home/collin/ros2_galactic/install/osrf_pycommon:/home/collin/ros2_galactic/install/domain_coordinator:/home/collin/ros2_galactic/install/ament_xmllint:/home/collin/ros2_galactic/install/ament_pyflakes:/home/collin/ros2_galactic/install/ament_pycodestyle:/home/collin/ros2_galactic/install/ament_pep257:/home/collin/ros2_galactic/install/ament_pclint:/home/collin/ros2_galactic/install/ament_package:/home/collin/ros2_galactic/install/ament_mypy:/home/collin/ros2_galactic/install/ament_lint_cmake:/home/collin/ros2_galactic/install/ament_flake8:/home/collin/ros2_galactic/install/ament_copyright:/home/collin/ros2_galactic/install/ament_lint:/home/collin/ros2_galactic/install/ament_index_python:/home/collin/ros2_galactic/install/ament_cpplint:/home/collin/ros2_galactic/install/ament_cppcheck:/home/collin/ros2_galactic/install/ament_clang_tidy:/home/collin/ros2_galactic/install/ament_clang_format /usr/bin/cmake --install /home/collin/ros2_ws/src/vectornav/build/vectornav_msgs
[17.681s] -- Install configuration: ""
[17.681s] -- Installing: /home/collin/ros2_ws/src/vectornav/install/vectornav_msgs/share/ament_index/resource_index/rosidl_interfaces/vectornav_msgs
[17.681s] -- Installing: /home/collin/ros2_ws/src/vectornav/install/vectornav_msgs/include/vectornav_msgs
[17.681s] -- Installing: /home/collin/ros2_ws/src/vectornav/install/vectornav_msgs/include/vectornav_msgs/msg
[17.682s] -- Installing: /home/collin/ros2_ws/src/vectornav/install/vectornav_msgs/include/vectornav_msgs/msg/attitude_group.h
[17.682s] -- Installing: /home/collin/ros2_ws/src/vectornav/install/vectornav_msgs/include/vectornav_msgs/msg/dop.h
[17.682s] -- Installing: /home/collin/ros2_ws/src/vectornav/install/vectornav_msgs/include/vectornav_msgs/msg/vpe_status.h
[17.682s] -- Installing: /home/collin/ros2_ws/src/vectornav/install/vectornav_msgs/include/vectornav_msgs/msg/ins_status.h
[17.682s] -- Installing: /home/collin/ros2_ws/src/vectornav/install/vectornav_msgs/include/vectornav_msgs/msg/ins_group.h
[17.682s] -- Installing: /home/collin/ros2_ws/src/vectornav/install/vectornav_msgs/include/vectornav_msgs/msg/time_group.h
[17.683s] -- Installing: /home/collin/ros2_ws/src/vectornav/install/vectornav_msgs/include/vectornav_msgs/msg/rosidl_generator_c__visibility_control.h
[17.683s] -- Installing: /home/collin/ros2_ws/src/vectornav/install/vectornav_msgs/include/vectornav_msgs/msg/detail
[17.683s] -- Installing: /home/collin/ros2_ws/src/vectornav/install/vectornav_msgs/include/vectornav_msgs/msg/detail/time_status__functions.h
[17.683s] -- Installing: /home/collin/ros2_ws/src/vectornav/install/vectornav_msgs/include/vectornav_msgs/msg/detail/gps_group__struct.h
[17.683s] -- Installing: /home/collin/ros2_ws/src/vectornav/install/vectornav_msgs/include/vectornav_msgs/msg/detail/time_utc__type_support.h
[17.683s] -- Installing: /home/collin/ros2_ws/src/vectornav/install/vectornav_msgs/include/vectornav_msgs/msg/detail/attitude_group__struct.h
[17.684s] -- Installing: /home/collin/ros2_ws/src/vectornav/install/vectornav_msgs/include/vectornav_msgs/msg/detail/ins_group__functions.c
[17.684s] -- Installing: /home/collin/ros2_ws/src/vectornav/install/vectornav_msgs/include/vectornav_msgs/msg/detail/attitude_group__functions.h
[17.684s] -- Installing: /home/collin/ros2_ws/src/vectornav/install/vectornav_msgs/include/vectornav_msgs/msg/detail/time_status__type_support.h
[17.684s] -- Installing: /home/collin/ros2_ws/src/vectornav/install/vectornav_msgs/include/vectornav_msgs/msg/detail/vpe_status__type_support.h
[17.684s] -- Installing: /home/collin/ros2_ws/src/vectornav/install/vectornav_msgs/include/vectornav_msgs/msg/detail/ins_status__struct.h
[17.684s] -- Installing: /home/collin/ros2_ws/src/vectornav/install/vectornav_msgs/include/vectornav_msgs/msg/detail/time_utc__functions.c
[17.685s] -- Installing: /home/collin/ros2_ws/src/vectornav/install/vectornav_msgs/include/vectornav_msgs/msg/detail/gps_group__type_support.h
[17.685s] -- Installing: /home/collin/ros2_ws/src/vectornav/install/vectornav_msgs/include/vectornav_msgs/msg/detail/common_group__type_support.h
[17.685s] -- Installing: /home/collin/ros2_ws/src/vectornav/install/vectornav_msgs/include/vectornav_msgs/msg/detail/time_utc__struct.h
[17.685s] -- Installing: /home/collin/ros2_ws/src/vectornav/install/vectornav_msgs/include/vectornav_msgs/msg/detail/imu_group__struct.h
[17.685s] -- Installing: /home/collin/ros2_ws/src/vectornav/install/vectornav_msgs/include/vectornav_msgs/msg/detail/vpe_status__struct.h
[17.685s] -- Installing: /home/collin/ros2_ws/src/vectornav/install/vectornav_msgs/include/vectornav_msgs/msg/detail/imu_group__functions.c
[17.685s] -- Installing: /home/collin/ros2_ws/src/vectornav/install/vectornav_msgs/include/vectornav_msgs/msg/detail/ins_group__type_support.h
[17.685s] -- Installing: /home/collin/ros2_ws/src/vectornav/install/vectornav_msgs/include/vectornav_msgs/msg/detail/time_group__functions.c
[17.686s] -- Installing: /home/collin/ros2_ws/src/vectornav/install/vectornav_msgs/include/vectornav_msgs/msg/detail/ins_status__type_support.h
[17.686s] -- Installing: /home/collin/ros2_ws/src/vectornav/install/vectornav_msgs/include/vectornav_msgs/msg/detail/time_utc__functions.h
[17.686s] -- Installing: /home/collin/ros2_ws/src/vectornav/install/vectornav_msgs/include/vectornav_msgs/msg/detail/dop__functions.c
[17.686s] -- Installing: /home/collin/ros2_ws/src/vectornav/install/vectornav_msgs/include/vectornav_msgs/msg/detail/dop__type_support.h
[17.686s] -- Installing: /home/collin/ros2_ws/src/vectornav/install/vectornav_msgs/include/vectornav_msgs/msg/detail/dop__struct.h
[17.686s] -- Installing: /home/collin/ros2_ws/src/vectornav/install/vectornav_msgs/include/vectornav_msgs/msg/detail/gps_group__functions.c
[17.686s] -- Installing: /home/collin/ros2_ws/src/vectornav/install/vectornav_msgs/include/vectornav_msgs/msg/detail/gps_group__functions.h
[17.687s] -- Installing: /home/collin/ros2_ws/src/vectornav/install/vectornav_msgs/include/vectornav_msgs/msg/detail/ins_group__functions.h
[17.687s] -- Installing: /home/collin/ros2_ws/src/vectornav/install/vectornav_msgs/include/vectornav_msgs/msg/detail/common_group__functions.c
[17.687s] -- Installing: /home/collin/ros2_ws/src/vectornav/install/vectornav_msgs/include/vectornav_msgs/msg/detail/attitude_group__type_support.h
[17.687s] -- Installing: /home/collin/ros2_ws/src/vectornav/install/vectornav_msgs/include/vectornav_msgs/msg/detail/ins_status__functions.c
[17.687s] -- Installing: /home/collin/ros2_ws/src/vectornav/install/vectornav_msgs/include/vectornav_msgs/msg/detail/common_group__functions.h
[17.687s] -- Installing: /home/collin/ros2_ws/src/vectornav/install/vectornav_msgs/include/vectornav_msgs/msg/detail/ins_group__struct.h
[17.687s] -- Installing: /home/collin/ros2_ws/src/vectornav/install/vectornav_msgs/include/vectornav_msgs/msg/detail/time_group__type_support.h
[17.688s] -- Installing: /home/collin/ros2_ws/src/vectornav/install/vectornav_msgs/include/vectornav_msgs/msg/detail/dop__functions.h
[17.688s] -- Installing: /home/collin/ros2_ws/src/vectornav/install/vectornav_msgs/include/vectornav_msgs/msg/detail/time_group__struct.h
[17.688s] -- Installing: /home/collin/ros2_ws/src/vectornav/install/vectornav_msgs/include/vectornav_msgs/msg/detail/time_status__struct.h
[17.688s] -- Installing: /home/collin/ros2_ws/src/vectornav/install/vectornav_msgs/include/vectornav_msgs/msg/detail/imu_group__type_support.h
[17.688s] -- Installing: /home/collin/ros2_ws/src/vectornav/install/vectornav_msgs/include/vectornav_msgs/msg/detail/imu_group__functions.h
[17.688s] -- Installing: /home/collin/ros2_ws/src/vectornav/install/vectornav_msgs/include/vectornav_msgs/msg/detail/vpe_status__functions.h
[17.689s] -- Installing: /home/collin/ros2_ws/src/vectornav/install/vectornav_msgs/include/vectornav_msgs/msg/detail/attitude_group__functions.c
[17.689s] -- Installing: /home/collin/ros2_ws/src/vectornav/install/vectornav_msgs/include/vectornav_msgs/msg/detail/ins_status__functions.h
[17.689s] -- Installing: /home/collin/ros2_ws/src/vectornav/install/vectornav_msgs/include/vectornav_msgs/msg/detail/vpe_status__functions.c
[17.689s] -- Installing: /home/collin/ros2_ws/src/vectornav/install/vectornav_msgs/include/vectornav_msgs/msg/detail/time_group__functions.h
[17.689s] -- Installing: /home/collin/ros2_ws/src/vectornav/install/vectornav_msgs/include/vectornav_msgs/msg/detail/time_status__functions.c
[17.689s] -- Installing: /home/collin/ros2_ws/src/vectornav/install/vectornav_msgs/include/vectornav_msgs/msg/detail/common_group__struct.h
[17.690s] -- Installing: /home/collin/ros2_ws/src/vectornav/install/vectornav_msgs/include/vectornav_msgs/msg/gps_group.h
[17.690s] -- Installing: /home/collin/ros2_ws/src/vectornav/install/vectornav_msgs/include/vectornav_msgs/msg/time_utc.h
[17.690s] -- Installing: /home/collin/ros2_ws/src/vectornav/install/vectornav_msgs/include/vectornav_msgs/msg/common_group.h
[17.690s] -- Installing: /home/collin/ros2_ws/src/vectornav/install/vectornav_msgs/include/vectornav_msgs/msg/time_status.h
[17.690s] -- Installing: /home/collin/ros2_ws/src/vectornav/install/vectornav_msgs/include/vectornav_msgs/msg/imu_group.h
[17.690s] -- Installing: /home/collin/ros2_ws/src/vectornav/install/vectornav_msgs/share/vectornav_msgs/environment/library_path.sh
[17.690s] -- Installing: /home/collin/ros2_ws/src/vectornav/install/vectornav_msgs/share/vectornav_msgs/environment/library_path.dsv
[17.690s] -- Installing: /home/collin/ros2_ws/src/vectornav/install/vectornav_msgs/lib/libvectornav_msgs__rosidl_generator_c.so
[17.690s] -- Set runtime path of "/home/collin/ros2_ws/src/vectornav/install/vectornav_msgs/lib/libvectornav_msgs__rosidl_generator_c.so" to ""
[17.691s] -- Up-to-date: /home/collin/ros2_ws/src/vectornav/install/vectornav_msgs/include/vectornav_msgs
[17.691s] -- Up-to-date: /home/collin/ros2_ws/src/vectornav/install/vectornav_msgs/include/vectornav_msgs/msg
[17.691s] -- Up-to-date: /home/collin/ros2_ws/src/vectornav/install/vectornav_msgs/include/vectornav_msgs/msg/detail
[17.691s] -- Installing: /home/collin/ros2_ws/src/vectornav/install/vectornav_msgs/include/vectornav_msgs/msg/detail/dop__type_support.c
[17.691s] -- Installing: /home/collin/ros2_ws/src/vectornav/install/vectornav_msgs/include/vectornav_msgs/msg/detail/attitude_group__rosidl_typesupport_introspection_c.h
[17.691s] -- Installing: /home/collin/ros2_ws/src/vectornav/install/vectornav_msgs/include/vectornav_msgs/msg/detail/time_status__type_support.c
[17.691s] -- Installing: /home/collin/ros2_ws/src/vectornav/install/vectornav_msgs/include/vectornav_msgs/msg/detail/imu_group__type_support.c
[17.691s] -- Installing: /home/collin/ros2_ws/src/vectornav/install/vectornav_msgs/include/vectornav_msgs/msg/detail/time_group__rosidl_typesupport_introspection_c.h
[17.691s] -- Installing: /home/collin/ros2_ws/src/vectornav/install/vectornav_msgs/include/vectornav_msgs/msg/detail/ins_group__type_support.c
[17.691s] -- Installing: /home/collin/ros2_ws/src/vectornav/install/vectornav_msgs/include/vectornav_msgs/msg/detail/time_utc__rosidl_typesupport_introspection_c.h
[17.691s] -- Installing: /home/collin/ros2_ws/src/vectornav/install/vectornav_msgs/include/vectornav_msgs/msg/detail/dop__rosidl_typesupport_introspection_c.h
[17.692s] -- Installing: /home/collin/ros2_ws/src/vectornav/install/vectornav_msgs/include/vectornav_msgs/msg/detail/attitude_group__type_support.c
[17.692s] -- Installing: /home/collin/ros2_ws/src/vectornav/install/vectornav_msgs/include/vectornav_msgs/msg/detail/common_group__type_support.c
[17.692s] -- Installing: /home/collin/ros2_ws/src/vectornav/install/vectornav_msgs/include/vectornav_msgs/msg/detail/gps_group__rosidl_typesupport_introspection_c.h
[17.692s] -- Installing: /home/collin/ros2_ws/src/vectornav/install/vectornav_msgs/include/vectornav_msgs/msg/detail/gps_group__type_support.c
[17.692s] -- Installing: /home/collin/ros2_ws/src/vectornav/install/vectornav_msgs/include/vectornav_msgs/msg/detail/ins_status__type_support.c
[17.692s] -- Installing: /home/collin/ros2_ws/src/vectornav/install/vectornav_msgs/include/vectornav_msgs/msg/detail/time_status__rosidl_typesupport_introspection_c.h
[17.692s] -- Installing: /home/collin/ros2_ws/src/vectornav/install/vectornav_msgs/include/vectornav_msgs/msg/detail/time_utc__type_support.c
[17.692s] -- Installing: /home/collin/ros2_ws/src/vectornav/install/vectornav_msgs/include/vectornav_msgs/msg/detail/vpe_status__type_support.c
[17.692s] -- Installing: /home/collin/ros2_ws/src/vectornav/install/vectornav_msgs/include/vectornav_msgs/msg/detail/common_group__rosidl_typesupport_introspection_c.h
[17.692s] -- Installing: /home/collin/ros2_ws/src/vectornav/install/vectornav_msgs/include/vectornav_msgs/msg/detail/time_group__type_support.c
[17.692s] -- Installing: /home/collin/ros2_ws/src/vectornav/install/vectornav_msgs/include/vectornav_msgs/msg/detail/ins_group__rosidl_typesupport_introspection_c.h
[17.693s] -- Installing: /home/collin/ros2_ws/src/vectornav/install/vectornav_msgs/include/vectornav_msgs/msg/detail/imu_group__rosidl_typesupport_introspection_c.h
[17.693s] -- Installing: /home/collin/ros2_ws/src/vectornav/install/vectornav_msgs/include/vectornav_msgs/msg/detail/vpe_status__rosidl_typesupport_introspection_c.h
[17.693s] -- Installing: /home/collin/ros2_ws/src/vectornav/install/vectornav_msgs/include/vectornav_msgs/msg/detail/ins_status__rosidl_typesupport_introspection_c.h
[17.693s] -- Installing: /home/collin/ros2_ws/src/vectornav/install/vectornav_msgs/include/vectornav_msgs/msg/rosidl_typesupport_introspection_c__visibility_control.h
[17.693s] -- Installing: /home/collin/ros2_ws/src/vectornav/install/vectornav_msgs/lib/libvectornav_msgs__rosidl_typesupport_introspection_c.so
[17.693s] -- Set runtime path of "/home/collin/ros2_ws/src/vectornav/install/vectornav_msgs/lib/libvectornav_msgs__rosidl_typesupport_introspection_c.so" to ""
[17.693s] -- Up-to-date: /home/collin/ros2_ws/src/vectornav/install/vectornav_msgs/include/vectornav_msgs
[17.693s] -- Up-to-date: /home/collin/ros2_ws/src/vectornav/install/vectornav_msgs/include/vectornav_msgs/msg
[17.693s] -- Installing: /home/collin/ros2_ws/src/vectornav/install/vectornav_msgs/include/vectornav_msgs/msg/rosidl_typesupport_fastrtps_c__visibility_control.h
[17.693s] -- Up-to-date: /home/collin/ros2_ws/src/vectornav/install/vectornav_msgs/include/vectornav_msgs/msg/detail
[17.694s] -- Installing: /home/collin/ros2_ws/src/vectornav/install/vectornav_msgs/include/vectornav_msgs/msg/detail/common_group__rosidl_typesupport_fastrtps_c.h
[17.694s] -- Installing: /home/collin/ros2_ws/src/vectornav/install/vectornav_msgs/include/vectornav_msgs/msg/detail/imu_group__rosidl_typesupport_fastrtps_c.h
[17.694s] -- Installing: /home/collin/ros2_ws/src/vectornav/install/vectornav_msgs/include/vectornav_msgs/msg/detail/dop__rosidl_typesupport_fastrtps_c.h
[17.694s] -- Installing: /home/collin/ros2_ws/src/vectornav/install/vectornav_msgs/include/vectornav_msgs/msg/detail/gps_group__rosidl_typesupport_fastrtps_c.h
[17.694s] -- Installing: /home/collin/ros2_ws/src/vectornav/install/vectornav_msgs/include/vectornav_msgs/msg/detail/ins_group__rosidl_typesupport_fastrtps_c.h
[17.694s] -- Installing: /home/collin/ros2_ws/src/vectornav/install/vectornav_msgs/include/vectornav_msgs/msg/detail/ins_status__rosidl_typesupport_fastrtps_c.h
[17.694s] -- Installing: /home/collin/ros2_ws/src/vectornav/install/vectornav_msgs/include/vectornav_msgs/msg/detail/time_group__rosidl_typesupport_fastrtps_c.h
[17.694s] -- Installing: /home/collin/ros2_ws/src/vectornav/install/vectornav_msgs/include/vectornav_msgs/msg/detail/attitude_group__rosidl_typesupport_fastrtps_c.h
[17.694s] -- Installing: /home/collin/ros2_ws/src/vectornav/install/vectornav_msgs/include/vectornav_msgs/msg/detail/time_status__rosidl_typesupport_fastrtps_c.h
[17.694s] -- Installing: /home/collin/ros2_ws/src/vectornav/install/vectornav_msgs/include/vectornav_msgs/msg/detail/vpe_status__rosidl_typesupport_fastrtps_c.h
[17.695s] -- Installing: /home/collin/ros2_ws/src/vectornav/install/vectornav_msgs/include/vectornav_msgs/msg/detail/time_utc__rosidl_typesupport_fastrtps_c.h
[17.695s] -- Installing: /home/collin/ros2_ws/src/vectornav/install/vectornav_msgs/lib/libvectornav_msgs__rosidl_typesupport_fastrtps_c.so
[17.695s] -- Set runtime path of "/home/collin/ros2_ws/src/vectornav/install/vectornav_msgs/lib/libvectornav_msgs__rosidl_typesupport_fastrtps_c.so" to ""
[17.695s] -- Up-to-date: /home/collin/ros2_ws/src/vectornav/install/vectornav_msgs/include/vectornav_msgs
[17.695s] -- Up-to-date: /home/collin/ros2_ws/src/vectornav/install/vectornav_msgs/include/vectornav_msgs/msg
[17.695s] -- Up-to-date: /home/collin/ros2_ws/src/vectornav/install/vectornav_msgs/include/vectornav_msgs/msg/detail
[17.695s] -- Installing: /home/collin/ros2_ws/src/vectornav/install/vectornav_msgs/include/vectornav_msgs/msg/detail/imu_group__rosidl_typesupport_fastrtps_cpp.hpp
[17.695s] -- Installing: /home/collin/ros2_ws/src/vectornav/install/vectornav_msgs/include/vectornav_msgs/msg/detail/common_group__rosidl_typesupport_fastrtps_cpp.hpp
[17.695s] -- Installing: /home/collin/ros2_ws/src/vectornav/install/vectornav_msgs/include/vectornav_msgs/msg/detail/time_utc__rosidl_typesupport_fastrtps_cpp.hpp
[17.695s] -- Installing: /home/collin/ros2_ws/src/vectornav/install/vectornav_msgs/include/vectornav_msgs/msg/detail/dop__rosidl_typesupport_fastrtps_cpp.hpp
[17.695s] -- Installing: /home/collin/ros2_ws/src/vectornav/install/vectornav_msgs/include/vectornav_msgs/msg/detail/vpe_status__rosidl_typesupport_fastrtps_cpp.hpp
[17.696s] -- Installing: /home/collin/ros2_ws/src/vectornav/install/vectornav_msgs/include/vectornav_msgs/msg/detail/time_group__rosidl_typesupport_fastrtps_cpp.hpp
[17.696s] -- Installing: /home/collin/ros2_ws/src/vectornav/install/vectornav_msgs/include/vectornav_msgs/msg/detail/dds_fastrtps
[17.696s] -- Installing: /home/collin/ros2_ws/src/vectornav/install/vectornav_msgs/include/vectornav_msgs/msg/detail/time_status__rosidl_typesupport_fastrtps_cpp.hpp
[17.696s] -- Installing: /home/collin/ros2_ws/src/vectornav/install/vectornav_msgs/include/vectornav_msgs/msg/detail/ins_group__rosidl_typesupport_fastrtps_cpp.hpp
[17.696s] -- Installing: /home/collin/ros2_ws/src/vectornav/install/vectornav_msgs/include/vectornav_msgs/msg/detail/attitude_group__rosidl_typesupport_fastrtps_cpp.hpp
[17.696s] -- Installing: /home/collin/ros2_ws/src/vectornav/install/vectornav_msgs/include/vectornav_msgs/msg/detail/gps_group__rosidl_typesupport_fastrtps_cpp.hpp
[17.696s] -- Installing: /home/collin/ros2_ws/src/vectornav/install/vectornav_msgs/include/vectornav_msgs/msg/detail/ins_status__rosidl_typesupport_fastrtps_cpp.hpp
[17.696s] -- Installing: /home/collin/ros2_ws/src/vectornav/install/vectornav_msgs/include/vectornav_msgs/msg/rosidl_typesupport_fastrtps_cpp__visibility_control.h
[17.696s] -- Installing: /home/collin/ros2_ws/src/vectornav/install/vectornav_msgs/lib/libvectornav_msgs__rosidl_typesupport_fastrtps_cpp.so
[17.697s] -- Set runtime path of "/home/collin/ros2_ws/src/vectornav/install/vectornav_msgs/lib/libvectornav_msgs__rosidl_typesupport_fastrtps_cpp.so" to ""
[17.697s] -- Installing: /home/collin/ros2_ws/src/vectornav/install/vectornav_msgs/lib/libvectornav_msgs__rosidl_typesupport_c.so
[17.697s] -- Set runtime path of "/home/collin/ros2_ws/src/vectornav/install/vectornav_msgs/lib/libvectornav_msgs__rosidl_typesupport_c.so" to ""
[17.697s] -- Up-to-date: /home/collin/ros2_ws/src/vectornav/install/vectornav_msgs/include/vectornav_msgs
[17.697s] -- Up-to-date: /home/collin/ros2_ws/src/vectornav/install/vectornav_msgs/include/vectornav_msgs/msg
[17.697s] -- Installing: /home/collin/ros2_ws/src/vectornav/install/vectornav_msgs/include/vectornav_msgs/msg/time_status.hpp
[17.697s] -- Installing: /home/collin/ros2_ws/src/vectornav/install/vectornav_msgs/include/vectornav_msgs/msg/dop.hpp
[17.697s] -- Installing: /home/collin/ros2_ws/src/vectornav/install/vectornav_msgs/include/vectornav_msgs/msg/time_group.hpp
[17.697s] -- Installing: /home/collin/ros2_ws/src/vectornav/install/vectornav_msgs/include/vectornav_msgs/msg/attitude_group.hpp
[17.697s] -- Installing: /home/collin/ros2_ws/src/vectornav/install/vectornav_msgs/include/vectornav_msgs/msg/gps_group.hpp
[17.698s] -- Up-to-date: /home/collin/ros2_ws/src/vectornav/install/vectornav_msgs/include/vectornav_msgs/msg/detail
[17.698s] -- Installing: /home/collin/ros2_ws/src/vectornav/install/vectornav_msgs/include/vectornav_msgs/msg/detail/vpe_status__builder.hpp
[17.698s] -- Installing: /home/collin/ros2_ws/src/vectornav/install/vectornav_msgs/include/vectornav_msgs/msg/detail/time_group__traits.hpp
[17.698s] -- Installing: /home/collin/ros2_ws/src/vectornav/install/vectornav_msgs/include/vectornav_msgs/msg/detail/dop__struct.hpp
[17.698s] -- Installing: /home/collin/ros2_ws/src/vectornav/install/vectornav_msgs/include/vectornav_msgs/msg/detail/ins_status__traits.hpp
[17.698s] -- Installing: /home/collin/ros2_ws/src/vectornav/install/vectornav_msgs/include/vectornav_msgs/msg/detail/dop__traits.hpp
[17.698s] -- Installing: /home/collin/ros2_ws/src/vectornav/install/vectornav_msgs/include/vectornav_msgs/msg/detail/vpe_status__traits.hpp
[17.698s] -- Installing: /home/collin/ros2_ws/src/vectornav/install/vectornav_msgs/include/vectornav_msgs/msg/detail/common_group__traits.hpp
[17.698s] -- Installing: /home/collin/ros2_ws/src/vectornav/install/vectornav_msgs/include/vectornav_msgs/msg/detail/attitude_group__traits.hpp
[17.698s] -- Installing: /home/collin/ros2_ws/src/vectornav/install/vectornav_msgs/include/vectornav_msgs/msg/detail/gps_group__traits.hpp
[17.698s] -- Installing: /home/collin/ros2_ws/src/vectornav/install/vectornav_msgs/include/vectornav_msgs/msg/detail/attitude_group__builder.hpp
[17.698s] -- Installing: /home/collin/ros2_ws/src/vectornav/install/vectornav_msgs/include/vectornav_msgs/msg/detail/time_status__struct.hpp
[17.698s] -- Installing: /home/collin/ros2_ws/src/vectornav/install/vectornav_msgs/include/vectornav_msgs/msg/detail/time_group__builder.hpp
[17.698s] -- Installing: /home/collin/ros2_ws/src/vectornav/install/vectornav_msgs/include/vectornav_msgs/msg/detail/time_utc__traits.hpp
[17.699s] -- Installing: /home/collin/ros2_ws/src/vectornav/install/vectornav_msgs/include/vectornav_msgs/msg/detail/time_utc__builder.hpp
[17.699s] -- Installing: /home/collin/ros2_ws/src/vectornav/install/vectornav_msgs/include/vectornav_msgs/msg/detail/time_utc__struct.hpp
[17.699s] -- Installing: /home/collin/ros2_ws/src/vectornav/install/vectornav_msgs/include/vectornav_msgs/msg/detail/common_group__struct.hpp
[17.699s] -- Installing: /home/collin/ros2_ws/src/vectornav/install/vectornav_msgs/include/vectornav_msgs/msg/detail/common_group__builder.hpp
[17.699s] -- Installing: /home/collin/ros2_ws/src/vectornav/install/vectornav_msgs/include/vectornav_msgs/msg/detail/time_status__builder.hpp
[17.699s] -- Installing: /home/collin/ros2_ws/src/vectornav/install/vectornav_msgs/include/vectornav_msgs/msg/detail/imu_group__traits.hpp
[17.699s] -- Installing: /home/collin/ros2_ws/src/vectornav/install/vectornav_msgs/include/vectornav_msgs/msg/detail/imu_group__struct.hpp
[17.699s] -- Installing: /home/collin/ros2_ws/src/vectornav/install/vectornav_msgs/include/vectornav_msgs/msg/detail/dop__builder.hpp
[17.699s] -- Installing: /home/collin/ros2_ws/src/vectornav/install/vectornav_msgs/include/vectornav_msgs/msg/detail/time_status__traits.hpp
[17.699s] -- Installing: /home/collin/ros2_ws/src/vectornav/install/vectornav_msgs/include/vectornav_msgs/msg/detail/gps_group__builder.hpp
[17.700s] -- Installing: /home/collin/ros2_ws/src/vectornav/install/vectornav_msgs/include/vectornav_msgs/msg/detail/ins_status__builder.hpp
[17.700s] -- Installing: /home/collin/ros2_ws/src/vectornav/install/vectornav_msgs/include/vectornav_msgs/msg/detail/time_group__struct.hpp
[17.700s] -- Installing: /home/collin/ros2_ws/src/vectornav/install/vectornav_msgs/include/vectornav_msgs/msg/detail/ins_group__struct.hpp
[17.700s] -- Installing: /home/collin/ros2_ws/src/vectornav/install/vectornav_msgs/include/vectornav_msgs/msg/detail/ins_status__struct.hpp
[17.700s] -- Installing: /home/collin/ros2_ws/src/vectornav/install/vectornav_msgs/include/vectornav_msgs/msg/detail/imu_group__builder.hpp
[17.700s] -- Installing: /home/collin/ros2_ws/src/vectornav/install/vectornav_msgs/include/vectornav_msgs/msg/detail/gps_group__struct.hpp
[17.700s] -- Installing: /home/collin/ros2_ws/src/vectornav/install/vectornav_msgs/include/vectornav_msgs/msg/detail/ins_group__traits.hpp
[17.700s] -- Installing: /home/collin/ros2_ws/src/vectornav/install/vectornav_msgs/include/vectornav_msgs/msg/detail/ins_group__builder.hpp
[17.700s] -- Installing: /home/collin/ros2_ws/src/vectornav/install/vectornav_msgs/include/vectornav_msgs/msg/detail/attitude_group__struct.hpp
[17.700s] -- Installing: /home/collin/ros2_ws/src/vectornav/install/vectornav_msgs/include/vectornav_msgs/msg/detail/vpe_status__struct.hpp
[17.700s] -- Installing: /home/collin/ros2_ws/src/vectornav/install/vectornav_msgs/include/vectornav_msgs/msg/imu_group.hpp
[17.701s] -- Installing: /home/collin/ros2_ws/src/vectornav/install/vectornav_msgs/include/vectornav_msgs/msg/ins_group.hpp
[17.701s] -- Installing: /home/collin/ros2_ws/src/vectornav/install/vectornav_msgs/include/vectornav_msgs/msg/vpe_status.hpp
[17.701s] -- Installing: /home/collin/ros2_ws/src/vectornav/install/vectornav_msgs/include/vectornav_msgs/msg/common_group.hpp
[17.701s] -- Installing: /home/collin/ros2_ws/src/vectornav/install/vectornav_msgs/include/vectornav_msgs/msg/time_utc.hpp
[17.701s] -- Installing: /home/collin/ros2_ws/src/vectornav/install/vectornav_msgs/include/vectornav_msgs/msg/ins_status.hpp
[17.701s] -- Up-to-date: /home/collin/ros2_ws/src/vectornav/install/vectornav_msgs/include/vectornav_msgs
[17.701s] -- Up-to-date: /home/collin/ros2_ws/src/vectornav/install/vectornav_msgs/include/vectornav_msgs/msg
[17.701s] -- Up-to-date: /home/collin/ros2_ws/src/vectornav/install/vectornav_msgs/include/vectornav_msgs/msg/detail
[17.701s] -- Installing: /home/collin/ros2_ws/src/vectornav/install/vectornav_msgs/include/vectornav_msgs/msg/detail/vpe_status__rosidl_typesupport_introspection_cpp.hpp
[17.701s] -- Installing: /home/collin/ros2_ws/src/vectornav/install/vectornav_msgs/include/vectornav_msgs/msg/detail/time_utc__rosidl_typesupport_introspection_cpp.hpp
[17.701s] -- Installing: /home/collin/ros2_ws/src/vectornav/install/vectornav_msgs/include/vectornav_msgs/msg/detail/dop__rosidl_typesupport_introspection_cpp.hpp
[17.701s] -- Installing: /home/collin/ros2_ws/src/vectornav/install/vectornav_msgs/include/vectornav_msgs/msg/detail/time_utc__type_support.cpp
[17.702s] -- Installing: /home/collin/ros2_ws/src/vectornav/install/vectornav_msgs/include/vectornav_msgs/msg/detail/attitude_group__rosidl_typesupport_introspection_cpp.hpp
[17.702s] -- Installing: /home/collin/ros2_ws/src/vectornav/install/vectornav_msgs/include/vectornav_msgs/msg/detail/ins_status__rosidl_typesupport_introspection_cpp.hpp
[17.702s] -- Installing: /home/collin/ros2_ws/src/vectornav/install/vectornav_msgs/include/vectornav_msgs/msg/detail/imu_group__type_support.cpp
[17.702s] -- Installing: /home/collin/ros2_ws/src/vectornav/install/vectornav_msgs/include/vectornav_msgs/msg/detail/dop__type_support.cpp
[17.702s] -- Installing: /home/collin/ros2_ws/src/vectornav/install/vectornav_msgs/include/vectornav_msgs/msg/detail/time_group__rosidl_typesupport_introspection_cpp.hpp
[17.702s] -- Installing: /home/collin/ros2_ws/src/vectornav/install/vectornav_msgs/include/vectornav_msgs/msg/detail/common_group__type_support.cpp
[17.702s] -- Installing: /home/collin/ros2_ws/src/vectornav/install/vectornav_msgs/include/vectornav_msgs/msg/detail/gps_group__type_support.cpp
[17.702s] -- Installing: /home/collin/ros2_ws/src/vectornav/install/vectornav_msgs/include/vectornav_msgs/msg/detail/time_status__rosidl_typesupport_introspection_cpp.hpp
[17.702s] -- Installing: /home/collin/ros2_ws/src/vectornav/install/vectornav_msgs/include/vectornav_msgs/msg/detail/ins_status__type_support.cpp
[17.702s] -- Installing: /home/collin/ros2_ws/src/vectornav/install/vectornav_msgs/include/vectornav_msgs/msg/detail/ins_group__type_support.cpp
[17.702s] -- Installing: /home/collin/ros2_ws/src/vectornav/install/vectornav_msgs/include/vectornav_msgs/msg/detail/gps_group__rosidl_typesupport_introspection_cpp.hpp
[17.702s] -- Installing: /home/collin/ros2_ws/src/vectornav/install/vectornav_msgs/include/vectornav_msgs/msg/detail/imu_group__rosidl_typesupport_introspection_cpp.hpp
[17.703s] -- Installing: /home/collin/ros2_ws/src/vectornav/install/vectornav_msgs/include/vectornav_msgs/msg/detail/ins_group__rosidl_typesupport_introspection_cpp.hpp
[17.703s] -- Installing: /home/collin/ros2_ws/src/vectornav/install/vectornav_msgs/include/vectornav_msgs/msg/detail/attitude_group__type_support.cpp
[17.703s] -- Installing: /home/collin/ros2_ws/src/vectornav/install/vectornav_msgs/include/vectornav_msgs/msg/detail/time_status__type_support.cpp
[17.703s] -- Installing: /home/collin/ros2_ws/src/vectornav/install/vectornav_msgs/include/vectornav_msgs/msg/detail/time_group__type_support.cpp
[17.703s] -- Installing: /home/collin/ros2_ws/src/vectornav/install/vectornav_msgs/include/vectornav_msgs/msg/detail/common_group__rosidl_typesupport_introspection_cpp.hpp
[17.703s] -- Installing: /home/collin/ros2_ws/src/vectornav/install/vectornav_msgs/include/vectornav_msgs/msg/detail/vpe_status__type_support.cpp
[17.703s] -- Installing: /home/collin/ros2_ws/src/vectornav/install/vectornav_msgs/lib/libvectornav_msgs__rosidl_typesupport_introspection_cpp.so
[17.703s] -- Set runtime path of "/home/collin/ros2_ws/src/vectornav/install/vectornav_msgs/lib/libvectornav_msgs__rosidl_typesupport_introspection_cpp.so" to ""
[17.703s] -- Installing: /home/collin/ros2_ws/src/vectornav/install/vectornav_msgs/lib/libvectornav_msgs__rosidl_typesupport_cpp.so
[17.703s] -- Set runtime path of "/home/collin/ros2_ws/src/vectornav/install/vectornav_msgs/lib/libvectornav_msgs__rosidl_typesupport_cpp.so" to ""
[17.703s] -- Installing: /home/collin/ros2_ws/src/vectornav/install/vectornav_msgs/share/vectornav_msgs/environment/pythonpath.sh
[17.703s] -- Installing: /home/collin/ros2_ws/src/vectornav/install/vectornav_msgs/share/vectornav_msgs/environment/pythonpath.dsv
[17.704s] -- Installing: /home/collin/ros2_ws/src/vectornav/install/vectornav_msgs/lib/python3.8/site-packages/vectornav_msgs/__init__.py
[17.829s] Compiling '/home/collin/ros2_ws/src/vectornav/install/vectornav_msgs/lib/python3.8/site-packages/vectornav_msgs/__init__.py'...
[17.832s] -- Installing: /home/collin/ros2_ws/src/vectornav/install/vectornav_msgs/lib/python3.8/site-packages/vectornav_msgs/msg
[17.833s] -- Installing: /home/collin/ros2_ws/src/vectornav/install/vectornav_msgs/lib/python3.8/site-packages/vectornav_msgs/msg/_gps_group.py
[17.833s] -- Installing: /home/collin/ros2_ws/src/vectornav/install/vectornav_msgs/lib/python3.8/site-packages/vectornav_msgs/msg/_attitude_group.py
[17.833s] -- Installing: /home/collin/ros2_ws/src/vectornav/install/vectornav_msgs/lib/python3.8/site-packages/vectornav_msgs/msg/__init__.py
[17.833s] -- Installing: /home/collin/ros2_ws/src/vectornav/install/vectornav_msgs/lib/python3.8/site-packages/vectornav_msgs/msg/_ins_group.py
[17.833s] -- Installing: /home/collin/ros2_ws/src/vectornav/install/vectornav_msgs/lib/python3.8/site-packages/vectornav_msgs/msg/_imu_group.py
[17.834s] -- Installing: /home/collin/ros2_ws/src/vectornav/install/vectornav_msgs/lib/python3.8/site-packages/vectornav_msgs/msg/_vpe_status.py
[17.834s] -- Installing: /home/collin/ros2_ws/src/vectornav/install/vectornav_msgs/lib/python3.8/site-packages/vectornav_msgs/msg/_time_status.py
[17.834s] -- Installing: /home/collin/ros2_ws/src/vectornav/install/vectornav_msgs/lib/python3.8/site-packages/vectornav_msgs/msg/_time_utc.py
[17.834s] -- Installing: /home/collin/ros2_ws/src/vectornav/install/vectornav_msgs/lib/python3.8/site-packages/vectornav_msgs/msg/_time_group.py
[17.834s] -- Installing: /home/collin/ros2_ws/src/vectornav/install/vectornav_msgs/lib/python3.8/site-packages/vectornav_msgs/msg/_imu_group_s.c
[17.834s] -- Installing: /home/collin/ros2_ws/src/vectornav/install/vectornav_msgs/lib/python3.8/site-packages/vectornav_msgs/msg/_gps_group_s.c
[17.835s] -- Installing: /home/collin/ros2_ws/src/vectornav/install/vectornav_msgs/lib/python3.8/site-packages/vectornav_msgs/msg/_time_utc_s.c
[17.835s] -- Installing: /home/collin/ros2_ws/src/vectornav/install/vectornav_msgs/lib/python3.8/site-packages/vectornav_msgs/msg/_common_group.py
[17.835s] -- Installing: /home/collin/ros2_ws/src/vectornav/install/vectornav_msgs/lib/python3.8/site-packages/vectornav_msgs/msg/_time_status_s.c
[17.835s] -- Installing: /home/collin/ros2_ws/src/vectornav/install/vectornav_msgs/lib/python3.8/site-packages/vectornav_msgs/msg/_ins_status_s.c
[17.835s] -- Installing: /home/collin/ros2_ws/src/vectornav/install/vectornav_msgs/lib/python3.8/site-packages/vectornav_msgs/msg/_ins_group_s.c
[17.835s] -- Installing: /home/collin/ros2_ws/src/vectornav/install/vectornav_msgs/lib/python3.8/site-packages/vectornav_msgs/msg/_dop.py
[17.836s] -- Installing: /home/collin/ros2_ws/src/vectornav/install/vectornav_msgs/lib/python3.8/site-packages/vectornav_msgs/msg/_vpe_status_s.c
[17.836s] -- Installing: /home/collin/ros2_ws/src/vectornav/install/vectornav_msgs/lib/python3.8/site-packages/vectornav_msgs/msg/_common_group_s.c
[17.836s] -- Installing: /home/collin/ros2_ws/src/vectornav/install/vectornav_msgs/lib/python3.8/site-packages/vectornav_msgs/msg/_dop_s.c
[17.836s] -- Installing: /home/collin/ros2_ws/src/vectornav/install/vectornav_msgs/lib/python3.8/site-packages/vectornav_msgs/msg/_attitude_group_s.c
[17.836s] -- Installing: /home/collin/ros2_ws/src/vectornav/install/vectornav_msgs/lib/python3.8/site-packages/vectornav_msgs/msg/_ins_status.py
[17.836s] -- Installing: /home/collin/ros2_ws/src/vectornav/install/vectornav_msgs/lib/python3.8/site-packages/vectornav_msgs/msg/_time_group_s.c
[17.837s] -- Installing: /home/collin/ros2_ws/src/vectornav/install/vectornav_msgs/lib/python3.8/site-packages/vectornav_msgs/vectornav_msgs_s__rosidl_typesupport_introspection_c.cpython-38-x86_64-linux-gnu.so
[17.837s] -- Set runtime path of "/home/collin/ros2_ws/src/vectornav/install/vectornav_msgs/lib/python3.8/site-packages/vectornav_msgs/vectornav_msgs_s__rosidl_typesupport_introspection_c.cpython-38-x86_64-linux-gnu.so" to ""
[17.838s] -- Installing: /home/collin/ros2_ws/src/vectornav/install/vectornav_msgs/lib/python3.8/site-packages/vectornav_msgs/vectornav_msgs_s__rosidl_typesupport_fastrtps_c.cpython-38-x86_64-linux-gnu.so
[17.839s] -- Set runtime path of "/home/collin/ros2_ws/src/vectornav/install/vectornav_msgs/lib/python3.8/site-packages/vectornav_msgs/vectornav_msgs_s__rosidl_typesupport_fastrtps_c.cpython-38-x86_64-linux-gnu.so" to ""
[17.839s] -- Installing: /home/collin/ros2_ws/src/vectornav/install/vectornav_msgs/lib/python3.8/site-packages/vectornav_msgs/vectornav_msgs_s__rosidl_typesupport_c.cpython-38-x86_64-linux-gnu.so
[17.840s] -- Set runtime path of "/home/collin/ros2_ws/src/vectornav/install/vectornav_msgs/lib/python3.8/site-packages/vectornav_msgs/vectornav_msgs_s__rosidl_typesupport_c.cpython-38-x86_64-linux-gnu.so" to ""
[17.840s] -- Installing: /home/collin/ros2_ws/src/vectornav/install/vectornav_msgs/lib/libvectornav_msgs__python.so
[17.840s] -- Set runtime path of "/home/collin/ros2_ws/src/vectornav/install/vectornav_msgs/lib/libvectornav_msgs__python.so" to ""
[17.841s] -- Installing: /home/collin/ros2_ws/src/vectornav/install/vectornav_msgs/share/vectornav_msgs/msg/CommonGroup.idl
[17.841s] -- Installing: /home/collin/ros2_ws/src/vectornav/install/vectornav_msgs/share/vectornav_msgs/msg/TimeGroup.idl
[17.841s] -- Installing: /home/collin/ros2_ws/src/vectornav/install/vectornav_msgs/share/vectornav_msgs/msg/ImuGroup.idl
[17.841s] -- Installing: /home/collin/ros2_ws/src/vectornav/install/vectornav_msgs/share/vectornav_msgs/msg/GpsGroup.idl
[17.841s] -- Installing: /home/collin/ros2_ws/src/vectornav/install/vectornav_msgs/share/vectornav_msgs/msg/AttitudeGroup.idl
[17.842s] -- Installing: /home/collin/ros2_ws/src/vectornav/install/vectornav_msgs/share/vectornav_msgs/msg/InsGroup.idl
[17.842s] -- Installing: /home/collin/ros2_ws/src/vectornav/install/vectornav_msgs/share/vectornav_msgs/msg/TimeUTC.idl
[17.842s] -- Installing: /home/collin/ros2_ws/src/vectornav/install/vectornav_msgs/share/vectornav_msgs/msg/DOP.idl
[17.842s] -- Installing: /home/collin/ros2_ws/src/vectornav/install/vectornav_msgs/share/vectornav_msgs/msg/VpeStatus.idl
[17.842s] -- Installing: /home/collin/ros2_ws/src/vectornav/install/vectornav_msgs/share/vectornav_msgs/msg/TimeStatus.idl
[17.842s] -- Installing: /home/collin/ros2_ws/src/vectornav/install/vectornav_msgs/share/vectornav_msgs/msg/InsStatus.idl
[17.843s] -- Installing: /home/collin/ros2_ws/src/vectornav/install/vectornav_msgs/share/vectornav_msgs/msg/CommonGroup.msg
[17.843s] -- Installing: /home/collin/ros2_ws/src/vectornav/install/vectornav_msgs/share/vectornav_msgs/msg/TimeGroup.msg
[17.843s] -- Installing: /home/collin/ros2_ws/src/vectornav/install/vectornav_msgs/share/vectornav_msgs/msg/ImuGroup.msg
[17.843s] -- Installing: /home/collin/ros2_ws/src/vectornav/install/vectornav_msgs/share/vectornav_msgs/msg/GpsGroup.msg
[17.843s] -- Installing: /home/collin/ros2_ws/src/vectornav/install/vectornav_msgs/share/vectornav_msgs/msg/AttitudeGroup.msg
[17.843s] -- Installing: /home/collin/ros2_ws/src/vectornav/install/vectornav_msgs/share/vectornav_msgs/msg/InsGroup.msg
[17.843s] -- Installing: /home/collin/ros2_ws/src/vectornav/install/vectornav_msgs/share/vectornav_msgs/msg/TimeUTC.msg
[17.844s] -- Installing: /home/collin/ros2_ws/src/vectornav/install/vectornav_msgs/share/vectornav_msgs/msg/DOP.msg
[17.844s] -- Installing: /home/collin/ros2_ws/src/vectornav/install/vectornav_msgs/share/vectornav_msgs/msg/VpeStatus.msg
[17.844s] -- Installing: /home/collin/ros2_ws/src/vectornav/install/vectornav_msgs/share/vectornav_msgs/msg/TimeStatus.msg
[17.844s] -- Installing: /home/collin/ros2_ws/src/vectornav/install/vectornav_msgs/share/vectornav_msgs/msg/InsStatus.msg
[17.844s] -- Installing: /home/collin/ros2_ws/src/vectornav/install/vectornav_msgs/share/ament_index/resource_index/package_run_dependencies/vectornav_msgs
[17.844s] -- Installing: /home/collin/ros2_ws/src/vectornav/install/vectornav_msgs/share/ament_index/resource_index/parent_prefix_path/vectornav_msgs
[17.845s] -- Installing: /home/collin/ros2_ws/src/vectornav/install/vectornav_msgs/share/vectornav_msgs/environment/ament_prefix_path.sh
[17.845s] -- Installing: /home/collin/ros2_ws/src/vectornav/install/vectornav_msgs/share/vectornav_msgs/environment/ament_prefix_path.dsv
[17.845s] -- Installing: /home/collin/ros2_ws/src/vectornav/install/vectornav_msgs/share/vectornav_msgs/environment/path.sh
[17.845s] -- Installing: /home/collin/ros2_ws/src/vectornav/install/vectornav_msgs/share/vectornav_msgs/environment/path.dsv
[17.845s] -- Installing: /home/collin/ros2_ws/src/vectornav/install/vectornav_msgs/share/vectornav_msgs/local_setup.bash
[17.845s] -- Installing: /home/collin/ros2_ws/src/vectornav/install/vectornav_msgs/share/vectornav_msgs/local_setup.sh
[17.846s] -- Installing: /home/collin/ros2_ws/src/vectornav/install/vectornav_msgs/share/vectornav_msgs/local_setup.zsh
[17.846s] -- Installing: /home/collin/ros2_ws/src/vectornav/install/vectornav_msgs/share/vectornav_msgs/local_setup.dsv
[17.846s] -- Installing: /home/collin/ros2_ws/src/vectornav/install/vectornav_msgs/share/vectornav_msgs/package.dsv
[17.846s] -- Installing: /home/collin/ros2_ws/src/vectornav/install/vectornav_msgs/share/ament_index/resource_index/packages/vectornav_msgs
[17.846s] -- Installing: /home/collin/ros2_ws/src/vectornav/install/vectornav_msgs/share/vectornav_msgs/cmake/vectornav_msgs__rosidl_generator_cExport.cmake
[17.846s] -- Installing: /home/collin/ros2_ws/src/vectornav/install/vectornav_msgs/share/vectornav_msgs/cmake/vectornav_msgs__rosidl_generator_cExport-noconfig.cmake
[17.847s] -- Installing: /home/collin/ros2_ws/src/vectornav/install/vectornav_msgs/share/vectornav_msgs/cmake/vectornav_msgs__rosidl_typesupport_introspection_cExport.cmake
[17.847s] -- Installing: /home/collin/ros2_ws/src/vectornav/install/vectornav_msgs/share/vectornav_msgs/cmake/vectornav_msgs__rosidl_typesupport_introspection_cExport-noconfig.cmake
[17.847s] -- Installing: /home/collin/ros2_ws/src/vectornav/install/vectornav_msgs/share/vectornav_msgs/cmake/vectornav_msgs__rosidl_typesupport_cExport.cmake
[17.847s] -- Installing: /home/collin/ros2_ws/src/vectornav/install/vectornav_msgs/share/vectornav_msgs/cmake/vectornav_msgs__rosidl_typesupport_cExport-noconfig.cmake
[17.847s] -- Installing: /home/collin/ros2_ws/src/vectornav/install/vectornav_msgs/share/vectornav_msgs/cmake/vectornav_msgs__rosidl_generator_cppExport.cmake
[17.848s] -- Installing: /home/collin/ros2_ws/src/vectornav/install/vectornav_msgs/share/vectornav_msgs/cmake/vectornav_msgs__rosidl_typesupport_introspection_cppExport.cmake
[17.848s] -- Installing: /home/collin/ros2_ws/src/vectornav/install/vectornav_msgs/share/vectornav_msgs/cmake/vectornav_msgs__rosidl_typesupport_introspection_cppExport-noconfig.cmake
[17.848s] -- Installing: /home/collin/ros2_ws/src/vectornav/install/vectornav_msgs/share/vectornav_msgs/cmake/vectornav_msgs__rosidl_typesupport_cppExport.cmake
[17.848s] -- Installing: /home/collin/ros2_ws/src/vectornav/install/vectornav_msgs/share/vectornav_msgs/cmake/vectornav_msgs__rosidl_typesupport_cppExport-noconfig.cmake
[17.849s] -- Installing: /home/collin/ros2_ws/src/vectornav/install/vectornav_msgs/share/vectornav_msgs/cmake/rosidl_cmake-extras.cmake
[17.849s] -- Installing: /home/collin/ros2_ws/src/vectornav/install/vectornav_msgs/share/vectornav_msgs/cmake/ament_cmake_export_dependencies-extras.cmake
[17.849s] -- Installing: /home/collin/ros2_ws/src/vectornav/install/vectornav_msgs/share/vectornav_msgs/cmake/ament_cmake_export_libraries-extras.cmake
[17.849s] -- Installing: /home/collin/ros2_ws/src/vectornav/install/vectornav_msgs/share/vectornav_msgs/cmake/ament_cmake_export_targets-extras.cmake
[17.849s] -- Installing: /home/collin/ros2_ws/src/vectornav/install/vectornav_msgs/share/vectornav_msgs/cmake/ament_cmake_export_include_directories-extras.cmake
[17.849s] -- Installing: /home/collin/ros2_ws/src/vectornav/install/vectornav_msgs/share/vectornav_msgs/cmake/rosidl_cmake_export_typesupport_targets-extras.cmake
[17.850s] -- Installing: /home/collin/ros2_ws/src/vectornav/install/vectornav_msgs/share/vectornav_msgs/cmake/rosidl_cmake_export_typesupport_libraries-extras.cmake
[17.850s] -- Installing: /home/collin/ros2_ws/src/vectornav/install/vectornav_msgs/share/vectornav_msgs/cmake/vectornav_msgsConfig.cmake
[17.850s] -- Installing: /home/collin/ros2_ws/src/vectornav/install/vectornav_msgs/share/vectornav_msgs/cmake/vectornav_msgsConfig-version.cmake
[17.850s] -- Installing: /home/collin/ros2_ws/src/vectornav/install/vectornav_msgs/share/vectornav_msgs/package.xml
[17.857s] Invoked command in '/home/collin/ros2_ws/src/vectornav/build/vectornav_msgs' returned '0': CMAKE_PREFIX_PATH=${CMAKE_PREFIX_PATH}:/home/collin/nav2_ws/install/opencv_tests:/home/collin/nav2_ws/install/nav2_simple_commander:/home/collin/nav2_ws/install/nav2_gazebo_spawner:/home/collin/ros2_galactic/install/rqt_bag_plugins:/home/collin/ros2_galactic/install/rqt_bag:/home/collin/ros2_galactic/install/ros2bag:/home/collin/ros2_galactic/install/tracetools_launch:/home/collin/ros2_galactic/install/topic_monitor:/home/collin/ros2_galactic/install/tf2_tools:/home/collin/ros2_galactic/install/examples_tf2_py:/home/collin/ros2_galactic/install/tf2_ros_py:/home/collin/ros2_galactic/install/sros2:/home/collin/ros2_galactic/install/rqt_topic:/home/collin/ros2_galactic/install/rqt_top:/home/collin/ros2_galactic/install/rqt_srv:/home/collin/ros2_galactic/install/rqt_shell:/home/collin/ros2_galactic/install/rqt_service_caller:/home/collin/ros2_galactic/install/rqt_reconfigure:/home/collin/ros2_galactic/install/rqt_py_console:/home/collin/ros2_galactic/install/rqt_publisher:/home/collin/ros2_galactic/install/rqt_plot:/home/collin/ros2_galactic/install/rqt_action:/home/collin/ros2_galactic/install/rqt_msg:/home/collin/ros2_galactic/install/rqt_console:/home/collin/ros2_galactic/install/rqt:/home/collin/ros2_galactic/install/rqt_graph:/home/collin/ros2_galactic/install/rqt_gui_py:/home/collin/ros2_galactic/install/rqt_gui:/home/collin/ros2_galactic/install/ros2trace:/home/collin/ros2_galactic/install/ros2topic:/home/collin/ros2_galactic/install/ros2test:/home/collin/ros2_galactic/install/ros2component:/home/collin/ros2_galactic/install/ros2param:/home/collin/ros2_galactic/install/ros2lifecycle:/home/collin/ros2_galactic/install/ros2service:/home/collin/ros2_galactic/install/ros2run:/home/collin/ros2_galactic/install/ros2launch:/home/collin/ros2_galactic/install/ros2pkg:/home/collin/ros2_galactic/install/ros2node:/home/collin/ros2_galactic/install/ros2multicast:/home/collin/ros2_galactic/install/ros2interface:/home/collin/ros2_galactic/install/ros2doctor:/home/collin/ros2_galactic/install/ros2action:/home/collin/ros2_galactic/install/ros2cli:/home/collin/ros2_galactic/install/quality_of_service_demo_py:/home/collin/ros2_galactic/install/launch_testing_ros:/home/collin/ros2_galactic/install/launch_ros:/home/collin/ros2_galactic/install/examples_rclpy_pointcloud_publisher:/home/collin/ros2_galactic/install/examples_rclpy_minimal_subscriber:/home/collin/ros2_galactic/install/examples_rclpy_minimal_service:/home/collin/ros2_galactic/install/examples_rclpy_minimal_publisher:/home/collin/ros2_galactic/install/examples_rclpy_minimal_client:/home/collin/ros2_galactic/install/examples_rclpy_minimal_action_server:/home/collin/ros2_galactic/install/examples_rclpy_minimal_action_client:/home/collin/ros2_galactic/install/examples_rclpy_guard_conditions:/home/collin/ros2_galactic/install/examples_rclpy_executors:/home/collin/ros2_galactic/install/demo_nodes_py:/home/collin/ros2_galactic/install/action_tutorials_py:/home/collin/ros2_galactic/install/ament_uncrustify:/home/collin/ros2_galactic/install/tracetools_trace:/home/collin/ros2_galactic/install/tracetools_read:/home/collin/ros2_galactic/install/test_launch_ros:/home/collin/ros2_galactic/install/sensor_msgs_py:/home/collin/ros2_galactic/install/rpyutils:/home/collin/ros2_galactic/install/rosidl_runtime_py:/home/collin/ros2_galactic/install/rosidl_cli:/home/collin/ros2_galactic/install/launch_yaml:/home/collin/ros2_galactic/install/launch_xml:/home/collin/ros2_galactic/install/launch_testing:/home/collin/ros2_galactic/install/launch:/home/collin/ros2_galactic/install/osrf_pycommon:/home/collin/ros2_galactic/install/domain_coordinator:/home/collin/ros2_galactic/install/ament_xmllint:/home/collin/ros2_galactic/install/ament_pyflakes:/home/collin/ros2_galactic/install/ament_pycodestyle:/home/collin/ros2_galactic/install/ament_pep257:/home/collin/ros2_galactic/install/ament_pclint:/home/collin/ros2_galactic/install/ament_package:/home/collin/ros2_galactic/install/ament_mypy:/home/collin/ros2_galactic/install/ament_lint_cmake:/home/collin/ros2_galactic/install/ament_flake8:/home/collin/ros2_galactic/install/ament_copyright:/home/collin/ros2_galactic/install/ament_lint:/home/collin/ros2_galactic/install/ament_index_python:/home/collin/ros2_galactic/install/ament_cpplint:/home/collin/ros2_galactic/install/ament_cppcheck:/home/collin/ros2_galactic/install/ament_clang_tidy:/home/collin/ros2_galactic/install/ament_clang_format /usr/bin/cmake --install /home/collin/ros2_ws/src/vectornav/build/vectornav_msgs
